{
   "D:\\Projeto_Agendamento\\BackEnd_Agendamento\\src\\app.ts": {
      "path": "D:\\Projeto_Agendamento\\BackEnd_Agendamento\\src\\app.ts",
      "statementMap": {
         "0": { "start": { "line": 10, "column": 6 }, "end": { "line": 10, "column": 21 } },
         "1": { "start": { "line": 13, "column": 0 }, "end": { "line": 13, "column": null } },
         "2": { "start": { "line": 14, "column": 0 }, "end": { "line": 14, "column": null } },
         "3": { "start": { "line": 17, "column": 0 }, "end": { "line": 17, "column": null } },
         "4": { "start": { "line": 18, "column": 0 }, "end": { "line": 18, "column": null } },
         "5": { "start": { "line": 21, "column": 0 }, "end": { "line": 22, "column": null } },
         "6": { "start": { "line": 22, "column": 2 }, "end": { "line": 22, "column": null } },
         "7": { "start": { "line": 26, "column": 0 }, "end": { "line": 26, "column": null } },
         "8": { "start": { "line": 29, "column": 0 }, "end": { "line": 29, "column": null } },
         "9": { "start": { "line": 32, "column": 0 }, "end": { "line": 38, "column": null } },
         "10": { "start": { "line": 33, "column": 2 }, "end": { "line": 37, "column": null } },
         "11": { "start": { "line": 41, "column": 0 }, "end": { "line": 41, "column": null } }
      },
      "fnMap": {
         "0": {
            "name": "(anonymous_0)",
            "decl": { "start": { "line": 32, "column": 8 }, "end": { "line": 32, "column": 20 } },
            "loc": { "start": { "line": 32, "column": 34 }, "end": { "line": 38, "column": null } },
            "line": 32
         }
      },
      "branchMap": {
         "0": {
            "loc": { "start": { "line": 21, "column": 0 }, "end": { "line": 22, "column": null } },
            "type": "if",
            "locations": [
               { "start": { "line": 21, "column": 0 }, "end": { "line": 22, "column": null } },
               { "start": {}, "end": {} }
            ],
            "line": 21
         }
      },
      "s": {
         "0": 4,
         "1": 4,
         "2": 4,
         "3": 4,
         "4": 4,
         "5": 4,
         "6": 0,
         "7": 4,
         "8": 4,
         "9": 4,
         "10": 0,
         "11": 4
      },
      "f": { "0": 0 },
      "b": { "0": [0, 4] },
      "meta": {
         "lastBranch": 1,
         "lastFunction": 1,
         "lastStatement": 12,
         "seen": {
            "s:10:6:10:21": 0,
            "s:13:0:13:Infinity": 1,
            "s:14:0:14:Infinity": 2,
            "s:17:0:17:Infinity": 3,
            "s:18:0:18:Infinity": 4,
            "b:21:0:22:Infinity:undefined:undefined:undefined:undefined": 0,
            "s:21:0:22:Infinity": 5,
            "s:22:2:22:Infinity": 6,
            "s:26:0:26:Infinity": 7,
            "s:29:0:29:Infinity": 8,
            "s:32:0:38:Infinity": 9,
            "f:32:8:32:20": 0,
            "s:33:2:37:Infinity": 10,
            "s:41:0:41:Infinity": 11
         }
      }
   },
   "D:\\Projeto_Agendamento\\BackEnd_Agendamento\\src\\config\\env.ts": {
      "path": "D:\\Projeto_Agendamento\\BackEnd_Agendamento\\src\\config\\env.ts",
      "statementMap": {
         "0": { "start": { "line": 4, "column": 18 }, "end": { "line": 17, "column": 2 } },
         "1": { "start": { "line": 19, "column": 15 }, "end": { "line": 19, "column": 47 } },
         "2": { "start": { "line": 21, "column": 0 }, "end": { "line": 24, "column": null } },
         "3": { "start": { "line": 22, "column": 2 }, "end": { "line": 22, "column": null } },
         "4": { "start": { "line": 23, "column": 2 }, "end": { "line": 23, "column": null } },
         "5": { "start": { "line": 24, "column": 2 }, "end": { "line": 24, "column": null } },
         "6": { "start": { "line": 27, "column": 19 }, "end": { "line": 27, "column": null } }
      },
      "fnMap": {},
      "branchMap": {
         "0": {
            "loc": { "start": { "line": 21, "column": 0 }, "end": { "line": 24, "column": null } },
            "type": "if",
            "locations": [
               { "start": { "line": 21, "column": 0 }, "end": { "line": 24, "column": null } },
               { "start": {}, "end": {} }
            ],
            "line": 21
         }
      },
      "s": { "0": 4, "1": 4, "2": 4, "3": 0, "4": 0, "5": 0, "6": 4 },
      "f": {},
      "b": { "0": [0, 4] },
      "meta": {
         "lastBranch": 1,
         "lastFunction": 0,
         "lastStatement": 7,
         "seen": {
            "s:4:18:17:2": 0,
            "s:19:15:19:47": 1,
            "b:21:0:24:Infinity:undefined:undefined:undefined:undefined": 0,
            "s:21:0:24:Infinity": 2,
            "s:22:2:22:Infinity": 3,
            "s:23:2:23:Infinity": 4,
            "s:24:2:24:Infinity": 5,
            "s:27:19:27:Infinity": 6
         }
      }
   },
   "D:\\Projeto_Agendamento\\BackEnd_Agendamento\\src\\controllers\\admin.controller.ts": {
      "path": "D:\\Projeto_Agendamento\\BackEnd_Agendamento\\src\\controllers\\admin.controller.ts",
      "statementMap": {
         "0": { "start": { "line": 9, "column": 2 }, "end": { "line": 18, "column": null } },
         "1": { "start": { "line": 10, "column": 31 }, "end": { "line": 10, "column": null } },
         "2": { "start": { "line": 11, "column": 43 }, "end": { "line": 11, "column": 45 } },
         "3": { "start": { "line": 12, "column": 4 }, "end": { "line": 12, "column": null } },
         "4": { "start": { "line": 12, "column": 14 }, "end": { "line": 12, "column": null } },
         "5": { "start": { "line": 13, "column": 4 }, "end": { "line": 13, "column": null } },
         "6": { "start": { "line": 13, "column": 32 }, "end": { "line": 13, "column": null } },
         "7": { "start": { "line": 15, "column": 18 }, "end": { "line": 15, "column": 84 } },
         "8": { "start": { "line": 16, "column": 4 }, "end": { "line": 16, "column": null } },
         "9": { "start": { "line": 18, "column": 4 }, "end": { "line": 18, "column": null } },
         "10": { "start": { "line": 23, "column": 2 }, "end": { "line": 30, "column": null } },
         "11": { "start": { "line": 24, "column": 17 }, "end": { "line": 24, "column": 71 } },
         "12": { "start": { "line": 25, "column": 4 }, "end": { "line": 26, "column": null } },
         "13": { "start": { "line": 26, "column": 6 }, "end": { "line": 26, "column": null } },
         "14": { "start": { "line": 28, "column": 4 }, "end": { "line": 28, "column": null } },
         "15": { "start": { "line": 30, "column": 4 }, "end": { "line": 30, "column": null } },
         "16": { "start": { "line": 35, "column": 2 }, "end": { "line": 47, "column": null } },
         "17": { "start": { "line": 36, "column": 46 }, "end": { "line": 36, "column": null } },
         "18": { "start": { "line": 37, "column": 17 }, "end": { "line": 40, "column": 26 } },
         "19": { "start": { "line": 42, "column": 4 }, "end": { "line": 43, "column": null } },
         "20": { "start": { "line": 43, "column": 6 }, "end": { "line": 43, "column": null } },
         "21": { "start": { "line": 45, "column": 4 }, "end": { "line": 45, "column": null } },
         "22": { "start": { "line": 47, "column": 4 }, "end": { "line": 47, "column": null } },
         "23": { "start": { "line": 52, "column": 2 }, "end": { "line": 64, "column": null } },
         "24": { "start": { "line": 53, "column": 17 }, "end": { "line": 57, "column": 25 } },
         "25": { "start": { "line": 59, "column": 4 }, "end": { "line": 60, "column": null } },
         "26": { "start": { "line": 60, "column": 6 }, "end": { "line": 60, "column": null } },
         "27": { "start": { "line": 62, "column": 4 }, "end": { "line": 62, "column": null } },
         "28": { "start": { "line": 64, "column": 4 }, "end": { "line": 64, "column": null } },
         "29": { "start": { "line": 69, "column": 2 }, "end": { "line": 74, "column": null } },
         "30": { "start": { "line": 70, "column": 23 }, "end": { "line": 70, "column": null } },
         "31": { "start": { "line": 71, "column": 24 }, "end": { "line": 71, "column": 95 } },
         "32": { "start": { "line": 72, "column": 4 }, "end": { "line": 72, "column": null } },
         "33": { "start": { "line": 74, "column": 4 }, "end": { "line": 74, "column": null } },
         "34": { "start": { "line": 79, "column": 2 }, "end": { "line": 111, "column": null } },
         "35": { "start": { "line": 88, "column": 8 }, "end": { "line": 96, "column": 6 } },
         "36": { "start": { "line": 98, "column": 4 }, "end": { "line": 109, "column": null } },
         "37": { "start": { "line": 111, "column": 4 }, "end": { "line": 111, "column": null } }
      },
      "fnMap": {
         "0": {
            "name": "listUsers",
            "decl": { "start": { "line": 8, "column": 22 }, "end": { "line": 8, "column": 32 } },
            "loc": { "start": { "line": 8, "column": 81 }, "end": { "line": 18, "column": null } },
            "line": 8
         },
         "1": {
            "name": "getUser",
            "decl": { "start": { "line": 22, "column": 22 }, "end": { "line": 22, "column": 30 } },
            "loc": { "start": { "line": 22, "column": 79 }, "end": { "line": 30, "column": null } },
            "line": 22
         },
         "2": {
            "name": "updateUser",
            "decl": { "start": { "line": 34, "column": 22 }, "end": { "line": 34, "column": 33 } },
            "loc": { "start": { "line": 34, "column": 82 }, "end": { "line": 47, "column": null } },
            "line": 34
         },
         "3": {
            "name": "deactivateUser",
            "decl": { "start": { "line": 51, "column": 22 }, "end": { "line": 51, "column": 37 } },
            "loc": { "start": { "line": 51, "column": 86 }, "end": { "line": 64, "column": null } },
            "line": 51
         },
         "4": {
            "name": "listAllSchedulings",
            "decl": { "start": { "line": 68, "column": 22 }, "end": { "line": 68, "column": 41 } },
            "loc": { "start": { "line": 68, "column": 90 }, "end": { "line": 74, "column": null } },
            "line": 68
         },
         "5": {
            "name": "getDashboard",
            "decl": { "start": { "line": 78, "column": 22 }, "end": { "line": 78, "column": 35 } },
            "loc": {
               "start": { "line": 78, "column": 85 },
               "end": { "line": 111, "column": null }
            },
            "line": 78
         }
      },
      "branchMap": {
         "0": {
            "loc": { "start": { "line": 12, "column": 4 }, "end": { "line": 12, "column": null } },
            "type": "if",
            "locations": [
               { "start": { "line": 12, "column": 4 }, "end": { "line": 12, "column": null } },
               { "start": {}, "end": {} }
            ],
            "line": 12
         },
         "1": {
            "loc": { "start": { "line": 13, "column": 4 }, "end": { "line": 13, "column": null } },
            "type": "if",
            "locations": [
               { "start": { "line": 13, "column": 4 }, "end": { "line": 13, "column": null } },
               { "start": {}, "end": {} }
            ],
            "line": 13
         },
         "2": {
            "loc": { "start": { "line": 25, "column": 4 }, "end": { "line": 26, "column": null } },
            "type": "if",
            "locations": [
               { "start": { "line": 25, "column": 4 }, "end": { "line": 26, "column": null } },
               { "start": {}, "end": {} }
            ],
            "line": 25
         },
         "3": {
            "loc": { "start": { "line": 42, "column": 4 }, "end": { "line": 43, "column": null } },
            "type": "if",
            "locations": [
               { "start": { "line": 42, "column": 4 }, "end": { "line": 43, "column": null } },
               { "start": {}, "end": {} }
            ],
            "line": 42
         },
         "4": {
            "loc": { "start": { "line": 59, "column": 4 }, "end": { "line": 60, "column": null } },
            "type": "if",
            "locations": [
               { "start": { "line": 59, "column": 4 }, "end": { "line": 60, "column": null } },
               { "start": {}, "end": {} }
            ],
            "line": 59
         }
      },
      "s": {
         "0": 0,
         "1": 0,
         "2": 0,
         "3": 0,
         "4": 0,
         "5": 0,
         "6": 0,
         "7": 0,
         "8": 0,
         "9": 0,
         "10": 0,
         "11": 0,
         "12": 0,
         "13": 0,
         "14": 0,
         "15": 0,
         "16": 0,
         "17": 0,
         "18": 0,
         "19": 0,
         "20": 0,
         "21": 0,
         "22": 0,
         "23": 0,
         "24": 0,
         "25": 0,
         "26": 0,
         "27": 0,
         "28": 0,
         "29": 0,
         "30": 0,
         "31": 0,
         "32": 0,
         "33": 0,
         "34": 0,
         "35": 0,
         "36": 0,
         "37": 0
      },
      "f": { "0": 0, "1": 0, "2": 0, "3": 0, "4": 0, "5": 0 },
      "b": { "0": [0, 0], "1": [0, 0], "2": [0, 0], "3": [0, 0], "4": [0, 0] },
      "meta": {
         "lastBranch": 5,
         "lastFunction": 6,
         "lastStatement": 38,
         "seen": {
            "f:8:22:8:32": 0,
            "s:9:2:18:Infinity": 0,
            "s:10:31:10:Infinity": 1,
            "s:11:43:11:45": 2,
            "b:12:4:12:Infinity:undefined:undefined:undefined:undefined": 0,
            "s:12:4:12:Infinity": 3,
            "s:12:14:12:Infinity": 4,
            "b:13:4:13:Infinity:undefined:undefined:undefined:undefined": 1,
            "s:13:4:13:Infinity": 5,
            "s:13:32:13:Infinity": 6,
            "s:15:18:15:84": 7,
            "s:16:4:16:Infinity": 8,
            "s:18:4:18:Infinity": 9,
            "f:22:22:22:30": 1,
            "s:23:2:30:Infinity": 10,
            "s:24:17:24:71": 11,
            "b:25:4:26:Infinity:undefined:undefined:undefined:undefined": 2,
            "s:25:4:26:Infinity": 12,
            "s:26:6:26:Infinity": 13,
            "s:28:4:28:Infinity": 14,
            "s:30:4:30:Infinity": 15,
            "f:34:22:34:33": 2,
            "s:35:2:47:Infinity": 16,
            "s:36:46:36:Infinity": 17,
            "s:37:17:40:26": 18,
            "b:42:4:43:Infinity:undefined:undefined:undefined:undefined": 3,
            "s:42:4:43:Infinity": 19,
            "s:43:6:43:Infinity": 20,
            "s:45:4:45:Infinity": 21,
            "s:47:4:47:Infinity": 22,
            "f:51:22:51:37": 3,
            "s:52:2:64:Infinity": 23,
            "s:53:17:57:25": 24,
            "b:59:4:60:Infinity:undefined:undefined:undefined:undefined": 4,
            "s:59:4:60:Infinity": 25,
            "s:60:6:60:Infinity": 26,
            "s:62:4:62:Infinity": 27,
            "s:64:4:64:Infinity": 28,
            "f:68:22:68:41": 4,
            "s:69:2:74:Infinity": 29,
            "s:70:23:70:Infinity": 30,
            "s:71:24:71:95": 31,
            "s:72:4:72:Infinity": 32,
            "s:74:4:74:Infinity": 33,
            "f:78:22:78:35": 5,
            "s:79:2:111:Infinity": 34,
            "s:88:8:96:6": 35,
            "s:98:4:109:Infinity": 36,
            "s:111:4:111:Infinity": 37
         }
      }
   },
   "D:\\Projeto_Agendamento\\BackEnd_Agendamento\\src\\controllers\\auth.controller.ts": {
      "path": "D:\\Projeto_Agendamento\\BackEnd_Agendamento\\src\\controllers\\auth.controller.ts",
      "statementMap": {
         "0": { "start": { "line": 5, "column": 2 }, "end": { "line": 9, "column": null } },
         "1": { "start": { "line": 6, "column": 19 }, "end": { "line": 6, "column": 52 } },
         "2": { "start": { "line": 7, "column": 4 }, "end": { "line": 7, "column": null } },
         "3": { "start": { "line": 9, "column": 4 }, "end": { "line": 9, "column": null } },
         "4": { "start": { "line": 14, "column": 2 }, "end": { "line": 18, "column": null } },
         "5": { "start": { "line": 15, "column": 17 }, "end": { "line": 15, "column": 53 } },
         "6": { "start": { "line": 16, "column": 4 }, "end": { "line": 16, "column": null } },
         "7": { "start": { "line": 18, "column": 4 }, "end": { "line": 18, "column": null } },
         "8": { "start": { "line": 23, "column": 2 }, "end": { "line": 27, "column": null } },
         "9": { "start": { "line": 24, "column": 19 }, "end": { "line": 24, "column": 78 } },
         "10": { "start": { "line": 25, "column": 4 }, "end": { "line": 25, "column": null } },
         "11": { "start": { "line": 27, "column": 4 }, "end": { "line": 27, "column": null } },
         "12": { "start": { "line": 32, "column": 2 }, "end": { "line": 36, "column": null } },
         "13": { "start": { "line": 33, "column": 4 }, "end": { "line": 33, "column": null } },
         "14": { "start": { "line": 34, "column": 4 }, "end": { "line": 34, "column": null } },
         "15": { "start": { "line": 36, "column": 4 }, "end": { "line": 36, "column": null } }
      },
      "fnMap": {
         "0": {
            "name": "login",
            "decl": { "start": { "line": 4, "column": 22 }, "end": { "line": 4, "column": 28 } },
            "loc": { "start": { "line": 4, "column": 77 }, "end": { "line": 9, "column": null } },
            "line": 4
         },
         "1": {
            "name": "register",
            "decl": { "start": { "line": 13, "column": 22 }, "end": { "line": 13, "column": 31 } },
            "loc": { "start": { "line": 13, "column": 80 }, "end": { "line": 18, "column": null } },
            "line": 13
         },
         "2": {
            "name": "refreshToken",
            "decl": { "start": { "line": 22, "column": 22 }, "end": { "line": 22, "column": 35 } },
            "loc": { "start": { "line": 22, "column": 84 }, "end": { "line": 27, "column": null } },
            "line": 22
         },
         "3": {
            "name": "logout",
            "decl": { "start": { "line": 31, "column": 22 }, "end": { "line": 31, "column": 29 } },
            "loc": { "start": { "line": 31, "column": 78 }, "end": { "line": 36, "column": null } },
            "line": 31
         }
      },
      "branchMap": {},
      "s": {
         "0": 1,
         "1": 1,
         "2": 1,
         "3": 0,
         "4": 2,
         "5": 2,
         "6": 2,
         "7": 0,
         "8": 0,
         "9": 0,
         "10": 0,
         "11": 0,
         "12": 0,
         "13": 0,
         "14": 0,
         "15": 0
      },
      "f": { "0": 1, "1": 2, "2": 0, "3": 0 },
      "b": {},
      "meta": {
         "lastBranch": 0,
         "lastFunction": 4,
         "lastStatement": 16,
         "seen": {
            "f:4:22:4:28": 0,
            "s:5:2:9:Infinity": 0,
            "s:6:19:6:52": 1,
            "s:7:4:7:Infinity": 2,
            "s:9:4:9:Infinity": 3,
            "f:13:22:13:31": 1,
            "s:14:2:18:Infinity": 4,
            "s:15:17:15:53": 5,
            "s:16:4:16:Infinity": 6,
            "s:18:4:18:Infinity": 7,
            "f:22:22:22:35": 2,
            "s:23:2:27:Infinity": 8,
            "s:24:19:24:78": 9,
            "s:25:4:25:Infinity": 10,
            "s:27:4:27:Infinity": 11,
            "f:31:22:31:29": 3,
            "s:32:2:36:Infinity": 12,
            "s:33:4:33:Infinity": 13,
            "s:34:4:34:Infinity": 14,
            "s:36:4:36:Infinity": 15
         }
      }
   },
   "D:\\Projeto_Agendamento\\BackEnd_Agendamento\\src\\controllers\\carrier.controller.ts": {
      "path": "D:\\Projeto_Agendamento\\BackEnd_Agendamento\\src\\controllers\\carrier.controller.ts",
      "statementMap": {
         "0": { "start": { "line": 8, "column": 2 }, "end": { "line": 14, "column": null } },
         "1": { "start": { "line": 9, "column": 22 }, "end": { "line": 10, "column": null } },
         "2": { "start": { "line": 12, "column": 4 }, "end": { "line": 12, "column": null } },
         "3": { "start": { "line": 14, "column": 4 }, "end": { "line": 14, "column": null } },
         "4": { "start": { "line": 19, "column": 2 }, "end": { "line": 27, "column": null } },
         "5": { "start": { "line": 20, "column": 21 }, "end": { "line": 20, "column": null } },
         "6": { "start": { "line": 21, "column": 20 }, "end": { "line": 23, "column": null } },
         "7": { "start": { "line": 25, "column": 4 }, "end": { "line": 25, "column": null } },
         "8": { "start": { "line": 27, "column": 4 }, "end": { "line": 27, "column": null } },
         "9": { "start": { "line": 32, "column": 2 }, "end": { "line": 42, "column": null } },
         "10": { "start": { "line": 33, "column": 23 }, "end": { "line": 38, "column": null } },
         "11": { "start": { "line": 40, "column": 4 }, "end": { "line": 40, "column": null } },
         "12": { "start": { "line": 42, "column": 4 }, "end": { "line": 42, "column": null } },
         "13": { "start": { "line": 47, "column": 2 }, "end": { "line": 55, "column": null } },
         "14": { "start": { "line": 48, "column": 23 }, "end": { "line": 48, "column": null } },
         "15": { "start": { "line": 49, "column": 24 }, "end": { "line": 51, "column": null } },
         "16": { "start": { "line": 53, "column": 4 }, "end": { "line": 53, "column": null } },
         "17": { "start": { "line": 55, "column": 4 }, "end": { "line": 55, "column": null } },
         "18": { "start": { "line": 60, "column": 2 }, "end": { "line": 64, "column": null } },
         "19": { "start": { "line": 61, "column": 23 }, "end": { "line": 61, "column": 89 } },
         "20": { "start": { "line": 62, "column": 4 }, "end": { "line": 62, "column": null } },
         "21": { "start": { "line": 64, "column": 4 }, "end": { "line": 64, "column": null } },
         "22": { "start": { "line": 69, "column": 2 }, "end": { "line": 77, "column": null } },
         "23": { "start": { "line": 70, "column": 23 }, "end": { "line": 73, "column": null } },
         "24": { "start": { "line": 75, "column": 4 }, "end": { "line": 75, "column": null } },
         "25": { "start": { "line": 77, "column": 4 }, "end": { "line": 77, "column": null } },
         "26": { "start": { "line": 82, "column": 2 }, "end": { "line": 86, "column": null } },
         "27": { "start": { "line": 83, "column": 23 }, "end": { "line": 83, "column": 106 } },
         "28": { "start": { "line": 84, "column": 4 }, "end": { "line": 84, "column": null } },
         "29": { "start": { "line": 86, "column": 4 }, "end": { "line": 86, "column": null } },
         "30": { "start": { "line": 91, "column": 2 }, "end": { "line": 105, "column": null } },
         "31": { "start": { "line": 92, "column": 18 }, "end": { "line": 92, "column": null } },
         "32": { "start": { "line": 93, "column": 4 }, "end": { "line": 95, "column": null } },
         "33": { "start": { "line": 94, "column": 6 }, "end": { "line": 94, "column": null } },
         "34": { "start": { "line": 95, "column": 6 }, "end": { "line": 95, "column": null } },
         "35": { "start": { "line": 98, "column": 23 }, "end": { "line": 101, "column": null } },
         "36": { "start": { "line": 103, "column": 4 }, "end": { "line": 103, "column": null } },
         "37": { "start": { "line": 105, "column": 4 }, "end": { "line": 105, "column": null } }
      },
      "fnMap": {
         "0": {
            "name": "listCompanies",
            "decl": { "start": { "line": 7, "column": 22 }, "end": { "line": 7, "column": 36 } },
            "loc": { "start": { "line": 7, "column": 90 }, "end": { "line": 14, "column": null } },
            "line": 7
         },
         "1": {
            "name": "getCompanyTimeWindows",
            "decl": { "start": { "line": 18, "column": 22 }, "end": { "line": 18, "column": 44 } },
            "loc": { "start": { "line": 18, "column": 97 }, "end": { "line": 27, "column": null } },
            "line": 18
         },
         "2": {
            "name": "createScheduling",
            "decl": { "start": { "line": 31, "column": 22 }, "end": { "line": 31, "column": 39 } },
            "loc": { "start": { "line": 31, "column": 92 }, "end": { "line": 42, "column": null } },
            "line": 31
         },
         "3": {
            "name": "getSchedulings",
            "decl": { "start": { "line": 46, "column": 22 }, "end": { "line": 46, "column": 37 } },
            "loc": { "start": { "line": 46, "column": 90 }, "end": { "line": 55, "column": null } },
            "line": 46
         },
         "4": {
            "name": "getSchedulingDetail",
            "decl": { "start": { "line": 59, "column": 22 }, "end": { "line": 59, "column": 42 } },
            "loc": { "start": { "line": 59, "column": 95 }, "end": { "line": 64, "column": null } },
            "line": 59
         },
         "5": {
            "name": "updateScheduling",
            "decl": { "start": { "line": 68, "column": 22 }, "end": { "line": 68, "column": 39 } },
            "loc": { "start": { "line": 68, "column": 92 }, "end": { "line": 77, "column": null } },
            "line": 68
         },
         "6": {
            "name": "cancelScheduling",
            "decl": { "start": { "line": 81, "column": 22 }, "end": { "line": 81, "column": 39 } },
            "loc": { "start": { "line": 81, "column": 92 }, "end": { "line": 86, "column": null } },
            "line": 81
         },
         "7": {
            "name": "uploadDocuments",
            "decl": { "start": { "line": 90, "column": 22 }, "end": { "line": 90, "column": 38 } },
            "loc": {
               "start": { "line": 90, "column": 91 },
               "end": { "line": 105, "column": null }
            },
            "line": 90
         }
      },
      "branchMap": {
         "0": {
            "loc": { "start": { "line": 93, "column": 4 }, "end": { "line": 95, "column": null } },
            "type": "if",
            "locations": [
               { "start": { "line": 93, "column": 4 }, "end": { "line": 95, "column": null } },
               { "start": {}, "end": {} }
            ],
            "line": 93
         },
         "1": {
            "loc": { "start": { "line": 93, "column": 8 }, "end": { "line": 93, "column": 38 } },
            "type": "binary-expr",
            "locations": [
               { "start": { "line": 93, "column": 8 }, "end": { "line": 93, "column": 18 } },
               { "start": { "line": 93, "column": 18 }, "end": { "line": 93, "column": 38 } }
            ],
            "line": 93
         }
      },
      "s": {
         "0": 0,
         "1": 0,
         "2": 0,
         "3": 0,
         "4": 0,
         "5": 0,
         "6": 0,
         "7": 0,
         "8": 0,
         "9": 3,
         "10": 3,
         "11": 1,
         "12": 2,
         "13": 0,
         "14": 0,
         "15": 0,
         "16": 0,
         "17": 0,
         "18": 0,
         "19": 0,
         "20": 0,
         "21": 0,
         "22": 0,
         "23": 0,
         "24": 0,
         "25": 0,
         "26": 0,
         "27": 0,
         "28": 0,
         "29": 0,
         "30": 0,
         "31": 0,
         "32": 0,
         "33": 0,
         "34": 0,
         "35": 0,
         "36": 0,
         "37": 0
      },
      "f": { "0": 0, "1": 0, "2": 3, "3": 0, "4": 0, "5": 0, "6": 0, "7": 0 },
      "b": { "0": [0, 0], "1": [0, 0] },
      "meta": {
         "lastBranch": 2,
         "lastFunction": 8,
         "lastStatement": 38,
         "seen": {
            "f:7:22:7:36": 0,
            "s:8:2:14:Infinity": 0,
            "s:9:22:10:Infinity": 1,
            "s:12:4:12:Infinity": 2,
            "s:14:4:14:Infinity": 3,
            "f:18:22:18:44": 1,
            "s:19:2:27:Infinity": 4,
            "s:20:21:20:Infinity": 5,
            "s:21:20:23:Infinity": 6,
            "s:25:4:25:Infinity": 7,
            "s:27:4:27:Infinity": 8,
            "f:31:22:31:39": 2,
            "s:32:2:42:Infinity": 9,
            "s:33:23:38:Infinity": 10,
            "s:40:4:40:Infinity": 11,
            "s:42:4:42:Infinity": 12,
            "f:46:22:46:37": 3,
            "s:47:2:55:Infinity": 13,
            "s:48:23:48:Infinity": 14,
            "s:49:24:51:Infinity": 15,
            "s:53:4:53:Infinity": 16,
            "s:55:4:55:Infinity": 17,
            "f:59:22:59:42": 4,
            "s:60:2:64:Infinity": 18,
            "s:61:23:61:89": 19,
            "s:62:4:62:Infinity": 20,
            "s:64:4:64:Infinity": 21,
            "f:68:22:68:39": 5,
            "s:69:2:77:Infinity": 22,
            "s:70:23:73:Infinity": 23,
            "s:75:4:75:Infinity": 24,
            "s:77:4:77:Infinity": 25,
            "f:81:22:81:39": 6,
            "s:82:2:86:Infinity": 26,
            "s:83:23:83:106": 27,
            "s:84:4:84:Infinity": 28,
            "s:86:4:86:Infinity": 29,
            "f:90:22:90:38": 7,
            "s:91:2:105:Infinity": 30,
            "s:92:18:92:Infinity": 31,
            "b:93:4:95:Infinity:undefined:undefined:undefined:undefined": 0,
            "s:93:4:95:Infinity": 32,
            "b:93:8:93:18:93:18:93:38": 1,
            "s:94:6:94:Infinity": 33,
            "s:95:6:95:Infinity": 34,
            "s:98:23:101:Infinity": 35,
            "s:103:4:103:Infinity": 36,
            "s:105:4:105:Infinity": 37
         }
      }
   },
   "D:\\Projeto_Agendamento\\BackEnd_Agendamento\\src\\controllers\\company.controller.ts": {
      "path": "D:\\Projeto_Agendamento\\BackEnd_Agendamento\\src\\controllers\\company.controller.ts",
      "statementMap": {
         "0": { "start": { "line": 10, "column": 2 }, "end": { "line": 17, "column": null } },
         "1": { "start": { "line": 11, "column": 19 }, "end": { "line": 14, "column": 6 } },
         "2": { "start": { "line": 15, "column": 4 }, "end": { "line": 15, "column": null } },
         "3": { "start": { "line": 17, "column": 4 }, "end": { "line": 17, "column": null } },
         "4": { "start": { "line": 22, "column": 2 }, "end": { "line": 30, "column": null } },
         "5": { "start": { "line": 23, "column": 21 }, "end": { "line": 23, "column": null } },
         "6": { "start": { "line": 24, "column": 20 }, "end": { "line": 26, "column": null } },
         "7": { "start": { "line": 28, "column": 4 }, "end": { "line": 28, "column": null } },
         "8": { "start": { "line": 30, "column": 4 }, "end": { "line": 30, "column": null } },
         "9": { "start": { "line": 35, "column": 2 }, "end": { "line": 43, "column": null } },
         "10": { "start": { "line": 36, "column": 19 }, "end": { "line": 39, "column": null } },
         "11": { "start": { "line": 41, "column": 4 }, "end": { "line": 41, "column": null } },
         "12": { "start": { "line": 43, "column": 4 }, "end": { "line": 43, "column": null } },
         "13": { "start": { "line": 48, "column": 2 }, "end": { "line": 52, "column": null } },
         "14": { "start": { "line": 49, "column": 4 }, "end": { "line": 49, "column": null } },
         "15": { "start": { "line": 50, "column": 4 }, "end": { "line": 50, "column": null } },
         "16": { "start": { "line": 52, "column": 4 }, "end": { "line": 52, "column": null } },
         "17": { "start": { "line": 57, "column": 2 }, "end": { "line": 64, "column": null } },
         "18": { "start": { "line": 58, "column": 20 }, "end": { "line": 61, "column": 6 } },
         "19": { "start": { "line": 62, "column": 4 }, "end": { "line": 62, "column": null } },
         "20": { "start": { "line": 64, "column": 4 }, "end": { "line": 64, "column": null } },
         "21": { "start": { "line": 69, "column": 2 }, "end": { "line": 73, "column": null } },
         "22": { "start": { "line": 70, "column": 18 }, "end": { "line": 70, "column": 85 } },
         "23": { "start": { "line": 71, "column": 4 }, "end": { "line": 71, "column": null } },
         "24": { "start": { "line": 73, "column": 4 }, "end": { "line": 73, "column": null } },
         "25": { "start": { "line": 78, "column": 2 }, "end": { "line": 82, "column": null } },
         "26": { "start": { "line": 79, "column": 4 }, "end": { "line": 79, "column": null } },
         "27": { "start": { "line": 80, "column": 4 }, "end": { "line": 80, "column": null } },
         "28": { "start": { "line": 82, "column": 4 }, "end": { "line": 82, "column": null } },
         "29": { "start": { "line": 87, "column": 2 }, "end": { "line": 95, "column": null } },
         "30": { "start": { "line": 88, "column": 23 }, "end": { "line": 88, "column": null } },
         "31": { "start": { "line": 89, "column": 24 }, "end": { "line": 91, "column": null } },
         "32": { "start": { "line": 93, "column": 4 }, "end": { "line": 93, "column": null } },
         "33": { "start": { "line": 95, "column": 4 }, "end": { "line": 95, "column": null } },
         "34": { "start": { "line": 100, "column": 2 }, "end": { "line": 104, "column": null } },
         "35": { "start": { "line": 101, "column": 23 }, "end": { "line": 101, "column": 89 } },
         "36": { "start": { "line": 102, "column": 4 }, "end": { "line": 102, "column": null } },
         "37": { "start": { "line": 104, "column": 4 }, "end": { "line": 104, "column": null } },
         "38": { "start": { "line": 109, "column": 2 }, "end": { "line": 118, "column": null } },
         "39": { "start": { "line": 110, "column": 23 }, "end": { "line": 115, "column": 6 } },
         "40": { "start": { "line": 116, "column": 4 }, "end": { "line": 116, "column": null } },
         "41": { "start": { "line": 118, "column": 4 }, "end": { "line": 118, "column": null } },
         "42": { "start": { "line": 123, "column": 2 }, "end": { "line": 127, "column": null } },
         "43": { "start": { "line": 124, "column": 21 }, "end": { "line": 124, "column": 80 } },
         "44": { "start": { "line": 125, "column": 4 }, "end": { "line": 125, "column": null } },
         "45": { "start": { "line": 127, "column": 4 }, "end": { "line": 127, "column": null } }
      },
      "fnMap": {
         "0": {
            "name": "createTimeWindow",
            "decl": { "start": { "line": 9, "column": 22 }, "end": { "line": 9, "column": 39 } },
            "loc": { "start": { "line": 9, "column": 92 }, "end": { "line": 17, "column": null } },
            "line": 9
         },
         "1": {
            "name": "getTimeWindows",
            "decl": { "start": { "line": 21, "column": 22 }, "end": { "line": 21, "column": 37 } },
            "loc": { "start": { "line": 21, "column": 90 }, "end": { "line": 30, "column": null } },
            "line": 21
         },
         "2": {
            "name": "updateTimeWindow",
            "decl": { "start": { "line": 34, "column": 22 }, "end": { "line": 34, "column": 39 } },
            "loc": { "start": { "line": 34, "column": 92 }, "end": { "line": 43, "column": null } },
            "line": 34
         },
         "3": {
            "name": "deleteTimeWindow",
            "decl": { "start": { "line": 47, "column": 22 }, "end": { "line": 47, "column": 39 } },
            "loc": { "start": { "line": 47, "column": 92 }, "end": { "line": 52, "column": null } },
            "line": 47
         },
         "4": {
            "name": "createBlockedDate",
            "decl": { "start": { "line": 56, "column": 22 }, "end": { "line": 56, "column": 40 } },
            "loc": { "start": { "line": 56, "column": 93 }, "end": { "line": 64, "column": null } },
            "line": 56
         },
         "5": {
            "name": "getBlockedDates",
            "decl": { "start": { "line": 68, "column": 22 }, "end": { "line": 68, "column": 38 } },
            "loc": { "start": { "line": 68, "column": 91 }, "end": { "line": 73, "column": null } },
            "line": 68
         },
         "6": {
            "name": "deleteBlockedDate",
            "decl": { "start": { "line": 77, "column": 22 }, "end": { "line": 77, "column": 40 } },
            "loc": { "start": { "line": 77, "column": 93 }, "end": { "line": 82, "column": null } },
            "line": 77
         },
         "7": {
            "name": "getSchedulings",
            "decl": { "start": { "line": 86, "column": 22 }, "end": { "line": 86, "column": 37 } },
            "loc": { "start": { "line": 86, "column": 90 }, "end": { "line": 95, "column": null } },
            "line": 86
         },
         "8": {
            "name": "getSchedulingDetail",
            "decl": { "start": { "line": 99, "column": 22 }, "end": { "line": 99, "column": 42 } },
            "loc": {
               "start": { "line": 99, "column": 95 },
               "end": { "line": 104, "column": null }
            },
            "line": 99
         },
         "9": {
            "name": "validateDocument",
            "decl": {
               "start": { "line": 108, "column": 22 },
               "end": { "line": 108, "column": 39 }
            },
            "loc": {
               "start": { "line": 108, "column": 92 },
               "end": { "line": 118, "column": null }
            },
            "line": 108
         },
         "10": {
            "name": "getCheckins",
            "decl": {
               "start": { "line": 122, "column": 22 },
               "end": { "line": 122, "column": 34 }
            },
            "loc": {
               "start": { "line": 122, "column": 87 },
               "end": { "line": 127, "column": null }
            },
            "line": 122
         }
      },
      "branchMap": {},
      "s": {
         "0": 2,
         "1": 2,
         "2": 1,
         "3": 1,
         "4": 0,
         "5": 0,
         "6": 0,
         "7": 0,
         "8": 0,
         "9": 0,
         "10": 0,
         "11": 0,
         "12": 0,
         "13": 0,
         "14": 0,
         "15": 0,
         "16": 0,
         "17": 1,
         "18": 1,
         "19": 1,
         "20": 0,
         "21": 0,
         "22": 0,
         "23": 0,
         "24": 0,
         "25": 0,
         "26": 0,
         "27": 0,
         "28": 0,
         "29": 0,
         "30": 0,
         "31": 0,
         "32": 0,
         "33": 0,
         "34": 0,
         "35": 0,
         "36": 0,
         "37": 0,
         "38": 0,
         "39": 0,
         "40": 0,
         "41": 0,
         "42": 0,
         "43": 0,
         "44": 0,
         "45": 0
      },
      "f": {
         "0": 2,
         "1": 0,
         "2": 0,
         "3": 0,
         "4": 1,
         "5": 0,
         "6": 0,
         "7": 0,
         "8": 0,
         "9": 0,
         "10": 0
      },
      "b": {},
      "meta": {
         "lastBranch": 0,
         "lastFunction": 11,
         "lastStatement": 46,
         "seen": {
            "f:9:22:9:39": 0,
            "s:10:2:17:Infinity": 0,
            "s:11:19:14:6": 1,
            "s:15:4:15:Infinity": 2,
            "s:17:4:17:Infinity": 3,
            "f:21:22:21:37": 1,
            "s:22:2:30:Infinity": 4,
            "s:23:21:23:Infinity": 5,
            "s:24:20:26:Infinity": 6,
            "s:28:4:28:Infinity": 7,
            "s:30:4:30:Infinity": 8,
            "f:34:22:34:39": 2,
            "s:35:2:43:Infinity": 9,
            "s:36:19:39:Infinity": 10,
            "s:41:4:41:Infinity": 11,
            "s:43:4:43:Infinity": 12,
            "f:47:22:47:39": 3,
            "s:48:2:52:Infinity": 13,
            "s:49:4:49:Infinity": 14,
            "s:50:4:50:Infinity": 15,
            "s:52:4:52:Infinity": 16,
            "f:56:22:56:40": 4,
            "s:57:2:64:Infinity": 17,
            "s:58:20:61:6": 18,
            "s:62:4:62:Infinity": 19,
            "s:64:4:64:Infinity": 20,
            "f:68:22:68:38": 5,
            "s:69:2:73:Infinity": 21,
            "s:70:18:70:85": 22,
            "s:71:4:71:Infinity": 23,
            "s:73:4:73:Infinity": 24,
            "f:77:22:77:40": 6,
            "s:78:2:82:Infinity": 25,
            "s:79:4:79:Infinity": 26,
            "s:80:4:80:Infinity": 27,
            "s:82:4:82:Infinity": 28,
            "f:86:22:86:37": 7,
            "s:87:2:95:Infinity": 29,
            "s:88:23:88:Infinity": 30,
            "s:89:24:91:Infinity": 31,
            "s:93:4:93:Infinity": 32,
            "s:95:4:95:Infinity": 33,
            "f:99:22:99:42": 8,
            "s:100:2:104:Infinity": 34,
            "s:101:23:101:89": 35,
            "s:102:4:102:Infinity": 36,
            "s:104:4:104:Infinity": 37,
            "f:108:22:108:39": 9,
            "s:109:2:118:Infinity": 38,
            "s:110:23:115:6": 39,
            "s:116:4:116:Infinity": 40,
            "s:118:4:118:Infinity": 41,
            "f:122:22:122:34": 10,
            "s:123:2:127:Infinity": 42,
            "s:124:21:124:80": 43,
            "s:125:4:125:Infinity": 44,
            "s:127:4:127:Infinity": 45
         }
      }
   },
   "D:\\Projeto_Agendamento\\BackEnd_Agendamento\\src\\controllers\\driver.controller.ts": {
      "path": "D:\\Projeto_Agendamento\\BackEnd_Agendamento\\src\\controllers\\driver.controller.ts",
      "statementMap": {
         "0": { "start": { "line": 5, "column": 2 }, "end": { "line": 9, "column": null } },
         "1": { "start": { "line": 6, "column": 24 }, "end": { "line": 6, "column": 90 } },
         "2": { "start": { "line": 7, "column": 4 }, "end": { "line": 7, "column": null } },
         "3": { "start": { "line": 9, "column": 4 }, "end": { "line": 9, "column": null } },
         "4": { "start": { "line": 14, "column": 2 }, "end": { "line": 18, "column": null } },
         "5": { "start": { "line": 15, "column": 19 }, "end": { "line": 15, "column": 68 } },
         "6": { "start": { "line": 16, "column": 4 }, "end": { "line": 16, "column": null } },
         "7": { "start": { "line": 18, "column": 4 }, "end": { "line": 18, "column": null } }
      },
      "fnMap": {
         "0": {
            "name": "getSchedulingsByCpf",
            "decl": { "start": { "line": 4, "column": 22 }, "end": { "line": 4, "column": 42 } },
            "loc": { "start": { "line": 4, "column": 91 }, "end": { "line": 9, "column": null } },
            "line": 4
         },
         "1": {
            "name": "performCheckin",
            "decl": { "start": { "line": 13, "column": 22 }, "end": { "line": 13, "column": 37 } },
            "loc": { "start": { "line": 13, "column": 86 }, "end": { "line": 18, "column": null } },
            "line": 13
         }
      },
      "branchMap": {},
      "s": { "0": 2, "1": 2, "2": 1, "3": 1, "4": 3, "5": 3, "6": 1, "7": 2 },
      "f": { "0": 2, "1": 3 },
      "b": {},
      "meta": {
         "lastBranch": 0,
         "lastFunction": 2,
         "lastStatement": 8,
         "seen": {
            "f:4:22:4:42": 0,
            "s:5:2:9:Infinity": 0,
            "s:6:24:6:90": 1,
            "s:7:4:7:Infinity": 2,
            "s:9:4:9:Infinity": 3,
            "f:13:22:13:37": 1,
            "s:14:2:18:Infinity": 4,
            "s:15:19:15:68": 5,
            "s:16:4:16:Infinity": 6,
            "s:18:4:18:Infinity": 7
         }
      }
   },
   "D:\\Projeto_Agendamento\\BackEnd_Agendamento\\src\\middlewares\\auth.middleware.ts": {
      "path": "D:\\Projeto_Agendamento\\BackEnd_Agendamento\\src\\middlewares\\auth.middleware.ts",
      "statementMap": {
         "0": { "start": { "line": 8, "column": 21 }, "end": { "line": 8, "column": null } },
         "1": { "start": { "line": 10, "column": 2 }, "end": { "line": 11, "column": null } },
         "2": { "start": { "line": 11, "column": 4 }, "end": { "line": 11, "column": null } },
         "3": { "start": { "line": 14, "column": 16 }, "end": { "line": 14, "column": 37 } },
         "4": { "start": { "line": 16, "column": 2 }, "end": { "line": 17, "column": null } },
         "5": { "start": { "line": 17, "column": 4 }, "end": { "line": 17, "column": null } },
         "6": { "start": { "line": 20, "column": 16 }, "end": { "line": 20, "column": null } },
         "7": { "start": { "line": 22, "column": 2 }, "end": { "line": 27, "column": null } },
         "8": { "start": { "line": 23, "column": 20 }, "end": { "line": 23, "column": 53 } },
         "9": { "start": { "line": 24, "column": 4 }, "end": { "line": 24, "column": null } },
         "10": { "start": { "line": 25, "column": 4 }, "end": { "line": 25, "column": null } },
         "11": { "start": { "line": 27, "column": 4 }, "end": { "line": 27, "column": null } }
      },
      "fnMap": {
         "0": {
            "name": "authMiddleware",
            "decl": { "start": { "line": 7, "column": 16 }, "end": { "line": 7, "column": 31 } },
            "loc": { "start": { "line": 7, "column": 91 }, "end": { "line": 27, "column": null } },
            "line": 7
         }
      },
      "branchMap": {
         "0": {
            "loc": { "start": { "line": 10, "column": 2 }, "end": { "line": 11, "column": null } },
            "type": "if",
            "locations": [
               { "start": { "line": 10, "column": 2 }, "end": { "line": 11, "column": null } },
               { "start": {}, "end": {} }
            ],
            "line": 10
         },
         "1": {
            "loc": { "start": { "line": 16, "column": 2 }, "end": { "line": 17, "column": null } },
            "type": "if",
            "locations": [
               { "start": { "line": 16, "column": 2 }, "end": { "line": 17, "column": null } },
               { "start": {}, "end": {} }
            ],
            "line": 16
         },
         "2": {
            "loc": { "start": { "line": 16, "column": 6 }, "end": { "line": 16, "column": 51 } },
            "type": "binary-expr",
            "locations": [
               { "start": { "line": 16, "column": 6 }, "end": { "line": 16, "column": 28 } },
               { "start": { "line": 16, "column": 28 }, "end": { "line": 16, "column": 51 } }
            ],
            "line": 16
         }
      },
      "s": {
         "0": 9,
         "1": 9,
         "2": 0,
         "3": 9,
         "4": 9,
         "5": 0,
         "6": 9,
         "7": 9,
         "8": 9,
         "9": 9,
         "10": 9,
         "11": 0
      },
      "f": { "0": 9 },
      "b": { "0": [0, 9], "1": [0, 9], "2": [9, 9] },
      "meta": {
         "lastBranch": 3,
         "lastFunction": 1,
         "lastStatement": 12,
         "seen": {
            "f:7:16:7:31": 0,
            "s:8:21:8:Infinity": 0,
            "b:10:2:11:Infinity:undefined:undefined:undefined:undefined": 0,
            "s:10:2:11:Infinity": 1,
            "s:11:4:11:Infinity": 2,
            "s:14:16:14:37": 3,
            "b:16:2:17:Infinity:undefined:undefined:undefined:undefined": 1,
            "s:16:2:17:Infinity": 4,
            "b:16:6:16:28:16:28:16:51": 2,
            "s:17:4:17:Infinity": 5,
            "s:20:16:20:Infinity": 6,
            "s:22:2:27:Infinity": 7,
            "s:23:20:23:53": 8,
            "s:24:4:24:Infinity": 9,
            "s:25:4:25:Infinity": 10,
            "s:27:4:27:Infinity": 11
         }
      }
   },
   "D:\\Projeto_Agendamento\\BackEnd_Agendamento\\src\\middlewares\\error.middleware.ts": {
      "path": "D:\\Projeto_Agendamento\\BackEnd_Agendamento\\src\\middlewares\\error.middleware.ts",
      "statementMap": {
         "0": { "start": { "line": 10, "column": 2 }, "end": { "line": 15, "column": null } },
         "1": { "start": { "line": 11, "column": 4 }, "end": { "line": 14, "column": null } },
         "2": { "start": { "line": 15, "column": 4 }, "end": { "line": 15, "column": null } },
         "3": { "start": { "line": 18, "column": 2 }, "end": { "line": 23, "column": null } },
         "4": { "start": { "line": 19, "column": 4 }, "end": { "line": 22, "column": null } },
         "5": { "start": { "line": 23, "column": 4 }, "end": { "line": 23, "column": null } },
         "6": { "start": { "line": 26, "column": 2 }, "end": { "line": 31, "column": null } },
         "7": { "start": { "line": 27, "column": 4 }, "end": { "line": 30, "column": null } },
         "8": { "start": { "line": 31, "column": 4 }, "end": { "line": 31, "column": null } },
         "9": { "start": { "line": 34, "column": 2 }, "end": { "line": 39, "column": null } },
         "10": { "start": { "line": 35, "column": 4 }, "end": { "line": 38, "column": null } },
         "11": { "start": { "line": 39, "column": 4 }, "end": { "line": 39, "column": null } },
         "12": { "start": { "line": 42, "column": 2 }, "end": { "line": 42, "column": null } },
         "13": { "start": { "line": 44, "column": 2 }, "end": { "line": 47, "column": null } }
      },
      "fnMap": {
         "0": {
            "name": "errorMiddleware",
            "decl": { "start": { "line": 4, "column": 16 }, "end": { "line": 4, "column": null } },
            "loc": { "start": { "line": 9, "column": 8 }, "end": { "line": 47, "column": null } },
            "line": 9
         }
      },
      "branchMap": {
         "0": {
            "loc": { "start": { "line": 10, "column": 2 }, "end": { "line": 15, "column": null } },
            "type": "if",
            "locations": [
               { "start": { "line": 10, "column": 2 }, "end": { "line": 15, "column": null } },
               { "start": {}, "end": {} }
            ],
            "line": 10
         },
         "1": {
            "loc": { "start": { "line": 18, "column": 2 }, "end": { "line": 23, "column": null } },
            "type": "if",
            "locations": [
               { "start": { "line": 18, "column": 2 }, "end": { "line": 23, "column": null } },
               { "start": {}, "end": {} }
            ],
            "line": 18
         },
         "2": {
            "loc": { "start": { "line": 26, "column": 2 }, "end": { "line": 31, "column": null } },
            "type": "if",
            "locations": [
               { "start": { "line": 26, "column": 2 }, "end": { "line": 31, "column": null } },
               { "start": {}, "end": {} }
            ],
            "line": 26
         },
         "3": {
            "loc": { "start": { "line": 34, "column": 2 }, "end": { "line": 39, "column": null } },
            "type": "if",
            "locations": [
               { "start": { "line": 34, "column": 2 }, "end": { "line": 39, "column": null } },
               { "start": {}, "end": {} }
            ],
            "line": 34
         }
      },
      "s": {
         "0": 7,
         "1": 7,
         "2": 7,
         "3": 0,
         "4": 0,
         "5": 0,
         "6": 0,
         "7": 0,
         "8": 0,
         "9": 0,
         "10": 0,
         "11": 0,
         "12": 0,
         "13": 0
      },
      "f": { "0": 7 },
      "b": { "0": [7, 0], "1": [0, 0], "2": [0, 0], "3": [0, 0] },
      "meta": {
         "lastBranch": 4,
         "lastFunction": 1,
         "lastStatement": 14,
         "seen": {
            "f:4:16:4:Infinity": 0,
            "b:10:2:15:Infinity:undefined:undefined:undefined:undefined": 0,
            "s:10:2:15:Infinity": 0,
            "s:11:4:14:Infinity": 1,
            "s:15:4:15:Infinity": 2,
            "b:18:2:23:Infinity:undefined:undefined:undefined:undefined": 1,
            "s:18:2:23:Infinity": 3,
            "s:19:4:22:Infinity": 4,
            "s:23:4:23:Infinity": 5,
            "b:26:2:31:Infinity:undefined:undefined:undefined:undefined": 2,
            "s:26:2:31:Infinity": 6,
            "s:27:4:30:Infinity": 7,
            "s:31:4:31:Infinity": 8,
            "b:34:2:39:Infinity:undefined:undefined:undefined:undefined": 3,
            "s:34:2:39:Infinity": 9,
            "s:35:4:38:Infinity": 10,
            "s:39:4:39:Infinity": 11,
            "s:42:2:42:Infinity": 12,
            "s:44:2:47:Infinity": 13
         }
      }
   },
   "D:\\Projeto_Agendamento\\BackEnd_Agendamento\\src\\middlewares\\role.middleware.ts": {
      "path": "D:\\Projeto_Agendamento\\BackEnd_Agendamento\\src\\middlewares\\role.middleware.ts",
      "statementMap": {
         "0": { "start": { "line": 6, "column": 2 }, "end": { "line": 15, "column": null } },
         "1": { "start": { "line": 7, "column": 4 }, "end": { "line": 8, "column": null } },
         "2": { "start": { "line": 8, "column": 6 }, "end": { "line": 8, "column": null } },
         "3": { "start": { "line": 11, "column": 4 }, "end": { "line": 12, "column": null } },
         "4": { "start": { "line": 12, "column": 6 }, "end": { "line": 12, "column": null } },
         "5": { "start": { "line": 15, "column": 4 }, "end": { "line": 15, "column": null } }
      },
      "fnMap": {
         "0": {
            "name": "roleMiddleware",
            "decl": { "start": { "line": 5, "column": 16 }, "end": { "line": 5, "column": 31 } },
            "loc": { "start": { "line": 5, "column": 53 }, "end": { "line": 15, "column": null } },
            "line": 5
         },
         "1": {
            "name": "(anonymous_1)",
            "decl": { "start": { "line": 6, "column": 2 }, "end": { "line": 6, "column": 10 } },
            "loc": { "start": { "line": 6, "column": 73 }, "end": { "line": 15, "column": null } },
            "line": 6
         }
      },
      "branchMap": {
         "0": {
            "loc": { "start": { "line": 7, "column": 4 }, "end": { "line": 8, "column": null } },
            "type": "if",
            "locations": [
               { "start": { "line": 7, "column": 4 }, "end": { "line": 8, "column": null } },
               { "start": {}, "end": {} }
            ],
            "line": 7
         },
         "1": {
            "loc": { "start": { "line": 11, "column": 4 }, "end": { "line": 12, "column": null } },
            "type": "if",
            "locations": [
               { "start": { "line": 11, "column": 4 }, "end": { "line": 12, "column": null } },
               { "start": {}, "end": {} }
            ],
            "line": 11
         }
      },
      "s": { "0": 16, "1": 9, "2": 0, "3": 9, "4": 1, "5": 8 },
      "f": { "0": 16, "1": 9 },
      "b": { "0": [0, 9], "1": [1, 8] },
      "meta": {
         "lastBranch": 2,
         "lastFunction": 2,
         "lastStatement": 6,
         "seen": {
            "f:5:16:5:31": 0,
            "s:6:2:15:Infinity": 0,
            "f:6:2:6:10": 1,
            "b:7:4:8:Infinity:undefined:undefined:undefined:undefined": 0,
            "s:7:4:8:Infinity": 1,
            "s:8:6:8:Infinity": 2,
            "b:11:4:12:Infinity:undefined:undefined:undefined:undefined": 1,
            "s:11:4:12:Infinity": 3,
            "s:12:6:12:Infinity": 4,
            "s:15:4:15:Infinity": 5
         }
      }
   },
   "D:\\Projeto_Agendamento\\BackEnd_Agendamento\\src\\middlewares\\upload.middleware.ts": {
      "path": "D:\\Projeto_Agendamento\\BackEnd_Agendamento\\src\\middlewares\\upload.middleware.ts",
      "statementMap": {
         "0": { "start": { "line": 6, "column": 18 }, "end": { "line": 6, "column": 59 } },
         "1": { "start": { "line": 8, "column": 0 }, "end": { "line": 9, "column": null } },
         "2": { "start": { "line": 9, "column": 2 }, "end": { "line": 9, "column": null } },
         "3": { "start": { "line": 12, "column": 16 }, "end": { "line": 21, "column": 2 } },
         "4": { "start": { "line": 14, "column": 4 }, "end": { "line": 14, "column": null } },
         "5": { "start": { "line": 17, "column": 25 }, "end": { "line": 17, "column": null } },
         "6": { "start": { "line": 18, "column": 16 }, "end": { "line": 18, "column": 47 } },
         "7": { "start": { "line": 19, "column": 4 }, "end": { "line": 19, "column": null } },
         "8": { "start": { "line": 23, "column": 6 }, "end": { "line": 40, "column": null } },
         "9": { "start": { "line": 28, "column": 23 }, "end": { "line": 35, "column": null } },
         "10": { "start": { "line": 37, "column": 2 }, "end": { "line": 40, "column": null } },
         "11": { "start": { "line": 38, "column": 4 }, "end": { "line": 38, "column": null } },
         "12": { "start": { "line": 40, "column": 4 }, "end": { "line": 40, "column": null } },
         "13": { "start": { "line": 44, "column": 13 }, "end": { "line": 51, "column": 2 } }
      },
      "fnMap": {
         "0": {
            "name": "(anonymous_0)",
            "decl": { "start": { "line": 13, "column": 2 }, "end": { "line": 13, "column": 16 } },
            "loc": { "start": { "line": 13, "column": 36 }, "end": { "line": 14, "column": null } },
            "line": 13
         },
         "1": {
            "name": "(anonymous_1)",
            "decl": { "start": { "line": 16, "column": 2 }, "end": { "line": 16, "column": 13 } },
            "loc": { "start": { "line": 16, "column": 32 }, "end": { "line": 19, "column": null } },
            "line": 16
         },
         "2": {
            "name": "(anonymous_2)",
            "decl": { "start": { "line": 23, "column": 6 }, "end": { "line": 23, "column": null } },
            "loc": { "start": { "line": 27, "column": 5 }, "end": { "line": 40, "column": null } },
            "line": 27
         }
      },
      "branchMap": {
         "0": {
            "loc": { "start": { "line": 8, "column": 0 }, "end": { "line": 9, "column": null } },
            "type": "if",
            "locations": [
               { "start": { "line": 8, "column": 0 }, "end": { "line": 9, "column": null } },
               { "start": {}, "end": {} }
            ],
            "line": 8
         },
         "1": {
            "loc": { "start": { "line": 37, "column": 2 }, "end": { "line": 40, "column": null } },
            "type": "if",
            "locations": [
               { "start": { "line": 37, "column": 2 }, "end": { "line": 40, "column": null } },
               { "start": { "line": 39, "column": 9 }, "end": { "line": 40, "column": null } }
            ],
            "line": 37
         }
      },
      "s": {
         "0": 4,
         "1": 4,
         "2": 0,
         "3": 4,
         "4": 1,
         "5": 1,
         "6": 1,
         "7": 1,
         "8": 4,
         "9": 1,
         "10": 1,
         "11": 1,
         "12": 0,
         "13": 4
      },
      "f": { "0": 1, "1": 1, "2": 1 },
      "b": { "0": [0, 4], "1": [1, 0] },
      "meta": {
         "lastBranch": 2,
         "lastFunction": 3,
         "lastStatement": 14,
         "seen": {
            "s:6:18:6:59": 0,
            "b:8:0:9:Infinity:undefined:undefined:undefined:undefined": 0,
            "s:8:0:9:Infinity": 1,
            "s:9:2:9:Infinity": 2,
            "s:12:16:21:2": 3,
            "f:13:2:13:16": 0,
            "s:14:4:14:Infinity": 4,
            "f:16:2:16:13": 1,
            "s:17:25:17:Infinity": 5,
            "s:18:16:18:47": 6,
            "s:19:4:19:Infinity": 7,
            "s:23:6:40:Infinity": 8,
            "f:23:6:23:Infinity": 2,
            "s:28:23:35:Infinity": 9,
            "b:37:2:40:Infinity:39:9:40:Infinity": 1,
            "s:37:2:40:Infinity": 10,
            "s:38:4:38:Infinity": 11,
            "s:40:4:40:Infinity": 12,
            "s:44:13:51:2": 13
         }
      }
   },
   "D:\\Projeto_Agendamento\\BackEnd_Agendamento\\src\\middlewares\\validate.middleware.ts": {
      "path": "D:\\Projeto_Agendamento\\BackEnd_Agendamento\\src\\middlewares\\validate.middleware.ts",
      "statementMap": {
         "0": { "start": { "line": 6, "column": 2 }, "end": { "line": 25, "column": null } },
         "1": { "start": { "line": 7, "column": 4 }, "end": { "line": 25, "column": null } },
         "2": { "start": { "line": 8, "column": 21 }, "end": { "line": 12, "column": 8 } },
         "3": { "start": { "line": 14, "column": 6 }, "end": { "line": 14, "column": null } },
         "4": { "start": { "line": 14, "column": 23 }, "end": { "line": 14, "column": null } },
         "5": { "start": { "line": 15, "column": 6 }, "end": { "line": 15, "column": null } },
         "6": { "start": { "line": 15, "column": 24 }, "end": { "line": 15, "column": null } },
         "7": { "start": { "line": 16, "column": 6 }, "end": { "line": 16, "column": null } },
         "8": { "start": { "line": 16, "column": 25 }, "end": { "line": 16, "column": null } },
         "9": { "start": { "line": 18, "column": 6 }, "end": { "line": 18, "column": null } },
         "10": { "start": { "line": 20, "column": 6 }, "end": { "line": 23, "column": null } },
         "11": { "start": { "line": 21, "column": 25 }, "end": { "line": 21, "column": 94 } },
         "12": { "start": { "line": 21, "column": 47 }, "end": { "line": 21, "column": 83 } },
         "13": { "start": { "line": 22, "column": 8 }, "end": { "line": 22, "column": null } },
         "14": { "start": { "line": 23, "column": 8 }, "end": { "line": 23, "column": null } },
         "15": { "start": { "line": 25, "column": 6 }, "end": { "line": 25, "column": null } }
      },
      "fnMap": {
         "0": {
            "name": "validate",
            "decl": { "start": { "line": 5, "column": 16 }, "end": { "line": 5, "column": 25 } },
            "loc": { "start": { "line": 5, "column": 57 }, "end": { "line": 25, "column": null } },
            "line": 5
         },
         "1": {
            "name": "(anonymous_1)",
            "decl": { "start": { "line": 6, "column": 9 }, "end": { "line": 6, "column": 16 } },
            "loc": { "start": { "line": 6, "column": 84 }, "end": { "line": 25, "column": null } },
            "line": 6
         },
         "2": {
            "name": "(anonymous_2)",
            "decl": { "start": { "line": 21, "column": 38 }, "end": { "line": 21, "column": 42 } },
            "loc": { "start": { "line": 21, "column": 47 }, "end": { "line": 21, "column": 83 } },
            "line": 21
         }
      },
      "branchMap": {
         "0": {
            "loc": { "start": { "line": 14, "column": 6 }, "end": { "line": 14, "column": null } },
            "type": "if",
            "locations": [
               { "start": { "line": 14, "column": 6 }, "end": { "line": 14, "column": null } },
               { "start": {}, "end": {} }
            ],
            "line": 14
         },
         "1": {
            "loc": { "start": { "line": 15, "column": 6 }, "end": { "line": 15, "column": null } },
            "type": "if",
            "locations": [
               { "start": { "line": 15, "column": 6 }, "end": { "line": 15, "column": null } },
               { "start": {}, "end": {} }
            ],
            "line": 15
         },
         "2": {
            "loc": { "start": { "line": 16, "column": 6 }, "end": { "line": 16, "column": null } },
            "type": "if",
            "locations": [
               { "start": { "line": 16, "column": 6 }, "end": { "line": 16, "column": null } },
               { "start": {}, "end": {} }
            ],
            "line": 16
         },
         "3": {
            "loc": { "start": { "line": 20, "column": 6 }, "end": { "line": 23, "column": null } },
            "type": "if",
            "locations": [
               { "start": { "line": 20, "column": 6 }, "end": { "line": 23, "column": null } },
               { "start": {}, "end": {} }
            ],
            "line": 20
         }
      },
      "s": {
         "0": 44,
         "1": 14,
         "2": 14,
         "3": 14,
         "4": 12,
         "5": 14,
         "6": 0,
         "7": 14,
         "8": 2,
         "9": 14,
         "10": 0,
         "11": 0,
         "12": 0,
         "13": 0,
         "14": 0,
         "15": 0
      },
      "f": { "0": 44, "1": 14, "2": 0 },
      "b": { "0": [12, 2], "1": [0, 14], "2": [2, 12], "3": [0, 0] },
      "meta": {
         "lastBranch": 4,
         "lastFunction": 3,
         "lastStatement": 16,
         "seen": {
            "f:5:16:5:25": 0,
            "s:6:2:25:Infinity": 0,
            "f:6:9:6:16": 1,
            "s:7:4:25:Infinity": 1,
            "s:8:21:12:8": 2,
            "b:14:6:14:Infinity:undefined:undefined:undefined:undefined": 0,
            "s:14:6:14:Infinity": 3,
            "s:14:23:14:Infinity": 4,
            "b:15:6:15:Infinity:undefined:undefined:undefined:undefined": 1,
            "s:15:6:15:Infinity": 5,
            "s:15:24:15:Infinity": 6,
            "b:16:6:16:Infinity:undefined:undefined:undefined:undefined": 2,
            "s:16:6:16:Infinity": 7,
            "s:16:25:16:Infinity": 8,
            "s:18:6:18:Infinity": 9,
            "b:20:6:23:Infinity:undefined:undefined:undefined:undefined": 3,
            "s:20:6:23:Infinity": 10,
            "s:21:25:21:94": 11,
            "f:21:38:21:42": 2,
            "s:21:47:21:83": 12,
            "s:22:8:22:Infinity": 13,
            "s:23:8:23:Infinity": 14,
            "s:25:6:25:Infinity": 15
         }
      }
   },
   "D:\\Projeto_Agendamento\\BackEnd_Agendamento\\src\\models\\BlockedDate.ts": {
      "path": "D:\\Projeto_Agendamento\\BackEnd_Agendamento\\src\\models\\BlockedDate.ts",
      "statementMap": {
         "0": { "start": { "line": 10, "column": 26 }, "end": { "line": 29, "column": null } },
         "1": { "start": { "line": 32, "column": 0 }, "end": { "line": 32, "column": null } },
         "2": { "start": { "line": 34, "column": 27 }, "end": { "line": 34, "column": 89 } }
      },
      "fnMap": {},
      "branchMap": {},
      "s": { "0": 4, "1": 4, "2": 4 },
      "f": {},
      "b": {},
      "meta": {
         "lastBranch": 0,
         "lastFunction": 0,
         "lastStatement": 3,
         "seen": { "s:10:26:29:Infinity": 0, "s:32:0:32:Infinity": 1, "s:34:27:34:89": 2 }
      }
   },
   "D:\\Projeto_Agendamento\\BackEnd_Agendamento\\src\\models\\CheckIn.ts": {
      "path": "D:\\Projeto_Agendamento\\BackEnd_Agendamento\\src\\models\\CheckIn.ts",
      "statementMap": {
         "0": { "start": { "line": 12, "column": 22 }, "end": { "line": 37, "column": null } },
         "1": { "start": { "line": 40, "column": 0 }, "end": { "line": 40, "column": null } },
         "2": { "start": { "line": 41, "column": 0 }, "end": { "line": 41, "column": null } },
         "3": { "start": { "line": 43, "column": 23 }, "end": { "line": 43, "column": 73 } }
      },
      "fnMap": {},
      "branchMap": {},
      "s": { "0": 4, "1": 4, "2": 4, "3": 4 },
      "f": {},
      "b": {},
      "meta": {
         "lastBranch": 0,
         "lastFunction": 0,
         "lastStatement": 4,
         "seen": {
            "s:12:22:37:Infinity": 0,
            "s:40:0:40:Infinity": 1,
            "s:41:0:41:Infinity": 2,
            "s:43:23:43:73": 3
         }
      }
   },
   "D:\\Projeto_Agendamento\\BackEnd_Agendamento\\src\\models\\RefreshToken.ts": {
      "path": "D:\\Projeto_Agendamento\\BackEnd_Agendamento\\src\\models\\RefreshToken.ts",
      "statementMap": {
         "0": { "start": { "line": 10, "column": 27 }, "end": { "line": 29, "column": null } },
         "1": { "start": { "line": 32, "column": 0 }, "end": { "line": 32, "column": null } },
         "2": { "start": { "line": 33, "column": 0 }, "end": { "line": 33, "column": null } },
         "3": { "start": { "line": 35, "column": 28 }, "end": { "line": 35, "column": 93 } }
      },
      "fnMap": {},
      "branchMap": {},
      "s": { "0": 4, "1": 4, "2": 4, "3": 4 },
      "f": {},
      "b": {},
      "meta": {
         "lastBranch": 0,
         "lastFunction": 0,
         "lastStatement": 4,
         "seen": {
            "s:10:27:29:Infinity": 0,
            "s:32:0:32:Infinity": 1,
            "s:33:0:33:Infinity": 2,
            "s:35:28:35:93": 3
         }
      }
   },
   "D:\\Projeto_Agendamento\\BackEnd_Agendamento\\src\\models\\Scheduling.ts": {
      "path": "D:\\Projeto_Agendamento\\BackEnd_Agendamento\\src\\models\\Scheduling.ts",
      "statementMap": {
         "0": { "start": { "line": 22, "column": 33 }, "end": { "line": 31, "column": null } },
         "1": { "start": { "line": 34, "column": 25 }, "end": { "line": 104, "column": null } },
         "2": { "start": { "line": 107, "column": 0 }, "end": { "line": 107, "column": null } },
         "3": { "start": { "line": 108, "column": 0 }, "end": { "line": 108, "column": null } },
         "4": { "start": { "line": 109, "column": 0 }, "end": { "line": 109, "column": null } },
         "5": { "start": { "line": 110, "column": 0 }, "end": { "line": 110, "column": null } },
         "6": { "start": { "line": 111, "column": 0 }, "end": { "line": 111, "column": null } },
         "7": { "start": { "line": 113, "column": 26 }, "end": { "line": 113, "column": 85 } }
      },
      "fnMap": {},
      "branchMap": {},
      "s": { "0": 4, "1": 4, "2": 4, "3": 4, "4": 4, "5": 4, "6": 4, "7": 4 },
      "f": {},
      "b": {},
      "meta": {
         "lastBranch": 0,
         "lastFunction": 0,
         "lastStatement": 8,
         "seen": {
            "s:22:33:31:Infinity": 0,
            "s:34:25:104:Infinity": 1,
            "s:107:0:107:Infinity": 2,
            "s:108:0:108:Infinity": 3,
            "s:109:0:109:Infinity": 4,
            "s:110:0:110:Infinity": 5,
            "s:111:0:111:Infinity": 6,
            "s:113:26:113:85": 7
         }
      }
   },
   "D:\\Projeto_Agendamento\\BackEnd_Agendamento\\src\\models\\TimeWindow.ts": {
      "path": "D:\\Projeto_Agendamento\\BackEnd_Agendamento\\src\\models\\TimeWindow.ts",
      "statementMap": {
         "0": { "start": { "line": 14, "column": 25 }, "end": { "line": 52, "column": null } },
         "1": { "start": { "line": 55, "column": 0 }, "end": { "line": 55, "column": null } },
         "2": { "start": { "line": 56, "column": 0 }, "end": { "line": 56, "column": null } },
         "3": { "start": { "line": 58, "column": 26 }, "end": { "line": 58, "column": 85 } }
      },
      "fnMap": {},
      "branchMap": {},
      "s": { "0": 4, "1": 4, "2": 4, "3": 4 },
      "f": {},
      "b": {},
      "meta": {
         "lastBranch": 0,
         "lastFunction": 0,
         "lastStatement": 4,
         "seen": {
            "s:14:25:52:Infinity": 0,
            "s:55:0:55:Infinity": 1,
            "s:56:0:56:Infinity": 2,
            "s:58:26:58:85": 3
         }
      }
   },
   "D:\\Projeto_Agendamento\\BackEnd_Agendamento\\src\\models\\User.ts": {
      "path": "D:\\Projeto_Agendamento\\BackEnd_Agendamento\\src\\models\\User.ts",
      "statementMap": {
         "0": { "start": { "line": 16, "column": 19 }, "end": { "line": 59, "column": null } },
         "1": { "start": { "line": 62, "column": 0 }, "end": { "line": 62, "column": null } },
         "2": { "start": { "line": 63, "column": 0 }, "end": { "line": 63, "column": null } },
         "3": { "start": { "line": 64, "column": 0 }, "end": { "line": 64, "column": null } },
         "4": { "start": { "line": 66, "column": 20 }, "end": { "line": 66, "column": 61 } }
      },
      "fnMap": {},
      "branchMap": {},
      "s": { "0": 4, "1": 4, "2": 4, "3": 4, "4": 4 },
      "f": {},
      "b": {},
      "meta": {
         "lastBranch": 0,
         "lastFunction": 0,
         "lastStatement": 5,
         "seen": {
            "s:16:19:59:Infinity": 0,
            "s:62:0:62:Infinity": 1,
            "s:63:0:63:Infinity": 2,
            "s:64:0:64:Infinity": 3,
            "s:66:20:66:61": 4
         }
      }
   },
   "D:\\Projeto_Agendamento\\BackEnd_Agendamento\\src\\routes\\admin.routes.ts": {
      "path": "D:\\Projeto_Agendamento\\BackEnd_Agendamento\\src\\routes\\admin.routes.ts",
      "statementMap": {
         "0": { "start": { "line": 6, "column": 6 }, "end": { "line": 6, "column": 23 } },
         "1": { "start": { "line": 8, "column": 0 }, "end": { "line": 8, "column": null } },
         "2": { "start": { "line": 10, "column": 0 }, "end": { "line": 10, "column": null } },
         "3": { "start": { "line": 11, "column": 0 }, "end": { "line": 11, "column": null } },
         "4": { "start": { "line": 12, "column": 0 }, "end": { "line": 12, "column": null } },
         "5": { "start": { "line": 13, "column": 0 }, "end": { "line": 13, "column": null } },
         "6": { "start": { "line": 15, "column": 0 }, "end": { "line": 15, "column": null } },
         "7": { "start": { "line": 16, "column": 0 }, "end": { "line": 16, "column": null } }
      },
      "fnMap": {},
      "branchMap": {},
      "s": { "0": 4, "1": 4, "2": 4, "3": 4, "4": 4, "5": 4, "6": 4, "7": 4 },
      "f": {},
      "b": {},
      "meta": {
         "lastBranch": 0,
         "lastFunction": 0,
         "lastStatement": 8,
         "seen": {
            "s:6:6:6:23": 0,
            "s:8:0:8:Infinity": 1,
            "s:10:0:10:Infinity": 2,
            "s:11:0:11:Infinity": 3,
            "s:12:0:12:Infinity": 4,
            "s:13:0:13:Infinity": 5,
            "s:15:0:15:Infinity": 6,
            "s:16:0:16:Infinity": 7
         }
      }
   },
   "D:\\Projeto_Agendamento\\BackEnd_Agendamento\\src\\routes\\auth.routes.ts": {
      "path": "D:\\Projeto_Agendamento\\BackEnd_Agendamento\\src\\routes\\auth.routes.ts",
      "statementMap": {
         "0": { "start": { "line": 8, "column": 6 }, "end": { "line": 8, "column": 23 } },
         "1": { "start": { "line": 10, "column": 0 }, "end": { "line": 10, "column": null } },
         "2": { "start": { "line": 12, "column": 0 }, "end": { "line": 18, "column": null } },
         "3": { "start": { "line": 20, "column": 0 }, "end": { "line": 20, "column": null } },
         "4": { "start": { "line": 22, "column": 0 }, "end": { "line": 22, "column": null } }
      },
      "fnMap": {},
      "branchMap": {},
      "s": { "0": 4, "1": 4, "2": 4, "3": 4, "4": 4 },
      "f": {},
      "b": {},
      "meta": {
         "lastBranch": 0,
         "lastFunction": 0,
         "lastStatement": 5,
         "seen": {
            "s:8:6:8:23": 0,
            "s:10:0:10:Infinity": 1,
            "s:12:0:18:Infinity": 2,
            "s:20:0:20:Infinity": 3,
            "s:22:0:22:Infinity": 4
         }
      }
   },
   "D:\\Projeto_Agendamento\\BackEnd_Agendamento\\src\\routes\\carrier.routes.ts": {
      "path": "D:\\Projeto_Agendamento\\BackEnd_Agendamento\\src\\routes\\carrier.routes.ts",
      "statementMap": {
         "0": { "start": { "line": 9, "column": 6 }, "end": { "line": 9, "column": 23 } },
         "1": { "start": { "line": 11, "column": 0 }, "end": { "line": 11, "column": null } },
         "2": { "start": { "line": 14, "column": 0 }, "end": { "line": 14, "column": null } },
         "3": { "start": { "line": 15, "column": 0 }, "end": { "line": 15, "column": null } },
         "4": { "start": { "line": 18, "column": 0 }, "end": { "line": 23, "column": null } },
         "5": { "start": { "line": 24, "column": 0 }, "end": { "line": 24, "column": null } },
         "6": { "start": { "line": 25, "column": 0 }, "end": { "line": 25, "column": null } },
         "7": { "start": { "line": 26, "column": 0 }, "end": { "line": 26, "column": null } },
         "8": { "start": { "line": 27, "column": 0 }, "end": { "line": 27, "column": null } },
         "9": { "start": { "line": 30, "column": 0 }, "end": { "line": 34, "column": null } }
      },
      "fnMap": {},
      "branchMap": {},
      "s": { "0": 4, "1": 4, "2": 4, "3": 4, "4": 4, "5": 4, "6": 4, "7": 4, "8": 4, "9": 4 },
      "f": {},
      "b": {},
      "meta": {
         "lastBranch": 0,
         "lastFunction": 0,
         "lastStatement": 10,
         "seen": {
            "s:9:6:9:23": 0,
            "s:11:0:11:Infinity": 1,
            "s:14:0:14:Infinity": 2,
            "s:15:0:15:Infinity": 3,
            "s:18:0:23:Infinity": 4,
            "s:24:0:24:Infinity": 5,
            "s:25:0:25:Infinity": 6,
            "s:26:0:26:Infinity": 7,
            "s:27:0:27:Infinity": 8,
            "s:30:0:34:Infinity": 9
         }
      }
   },
   "D:\\Projeto_Agendamento\\BackEnd_Agendamento\\src\\routes\\company.routes.ts": {
      "path": "D:\\Projeto_Agendamento\\BackEnd_Agendamento\\src\\routes\\company.routes.ts",
      "statementMap": {
         "0": { "start": { "line": 10, "column": 6 }, "end": { "line": 10, "column": 23 } },
         "1": { "start": { "line": 12, "column": 0 }, "end": { "line": 12, "column": null } },
         "2": { "start": { "line": 15, "column": 0 }, "end": { "line": 15, "column": null } },
         "3": { "start": { "line": 16, "column": 0 }, "end": { "line": 16, "column": null } },
         "4": { "start": { "line": 17, "column": 0 }, "end": { "line": 17, "column": null } },
         "5": { "start": { "line": 18, "column": 0 }, "end": { "line": 18, "column": null } },
         "6": { "start": { "line": 21, "column": 0 }, "end": { "line": 21, "column": null } },
         "7": { "start": { "line": 22, "column": 0 }, "end": { "line": 22, "column": null } },
         "8": { "start": { "line": 23, "column": 0 }, "end": { "line": 23, "column": null } },
         "9": { "start": { "line": 26, "column": 0 }, "end": { "line": 26, "column": null } },
         "10": { "start": { "line": 27, "column": 0 }, "end": { "line": 27, "column": null } },
         "11": { "start": { "line": 28, "column": 0 }, "end": { "line": 28, "column": null } },
         "12": { "start": { "line": 31, "column": 0 }, "end": { "line": 31, "column": null } }
      },
      "fnMap": {},
      "branchMap": {},
      "s": {
         "0": 4,
         "1": 4,
         "2": 4,
         "3": 4,
         "4": 4,
         "5": 4,
         "6": 4,
         "7": 4,
         "8": 4,
         "9": 4,
         "10": 4,
         "11": 4,
         "12": 4
      },
      "f": {},
      "b": {},
      "meta": {
         "lastBranch": 0,
         "lastFunction": 0,
         "lastStatement": 13,
         "seen": {
            "s:10:6:10:23": 0,
            "s:12:0:12:Infinity": 1,
            "s:15:0:15:Infinity": 2,
            "s:16:0:16:Infinity": 3,
            "s:17:0:17:Infinity": 4,
            "s:18:0:18:Infinity": 5,
            "s:21:0:21:Infinity": 6,
            "s:22:0:22:Infinity": 7,
            "s:23:0:23:Infinity": 8,
            "s:26:0:26:Infinity": 9,
            "s:27:0:27:Infinity": 10,
            "s:28:0:28:Infinity": 11,
            "s:31:0:31:Infinity": 12
         }
      }
   },
   "D:\\Projeto_Agendamento\\BackEnd_Agendamento\\src\\routes\\driver.routes.ts": {
      "path": "D:\\Projeto_Agendamento\\BackEnd_Agendamento\\src\\routes\\driver.routes.ts",
      "statementMap": {
         "0": { "start": { "line": 6, "column": 6 }, "end": { "line": 6, "column": 23 } },
         "1": { "start": { "line": 9, "column": 0 }, "end": { "line": 9, "column": null } },
         "2": { "start": { "line": 10, "column": 0 }, "end": { "line": 10, "column": null } }
      },
      "fnMap": {},
      "branchMap": {},
      "s": { "0": 4, "1": 4, "2": 4 },
      "f": {},
      "b": {},
      "meta": {
         "lastBranch": 0,
         "lastFunction": 0,
         "lastStatement": 3,
         "seen": { "s:6:6:6:23": 0, "s:9:0:9:Infinity": 1, "s:10:0:10:Infinity": 2 }
      }
   },
   "D:\\Projeto_Agendamento\\BackEnd_Agendamento\\src\\routes\\index.ts": {
      "path": "D:\\Projeto_Agendamento\\BackEnd_Agendamento\\src\\routes\\index.ts",
      "statementMap": {
         "0": { "start": { "line": 8, "column": 6 }, "end": { "line": 8, "column": 23 } },
         "1": { "start": { "line": 10, "column": 0 }, "end": { "line": 10, "column": null } },
         "2": { "start": { "line": 11, "column": 0 }, "end": { "line": 11, "column": null } },
         "3": { "start": { "line": 12, "column": 0 }, "end": { "line": 12, "column": null } },
         "4": { "start": { "line": 13, "column": 0 }, "end": { "line": 13, "column": null } },
         "5": { "start": { "line": 14, "column": 0 }, "end": { "line": 14, "column": null } }
      },
      "fnMap": {},
      "branchMap": {},
      "s": { "0": 4, "1": 4, "2": 4, "3": 4, "4": 4, "5": 4 },
      "f": {},
      "b": {},
      "meta": {
         "lastBranch": 0,
         "lastFunction": 0,
         "lastStatement": 6,
         "seen": {
            "s:8:6:8:23": 0,
            "s:10:0:10:Infinity": 1,
            "s:11:0:11:Infinity": 2,
            "s:12:0:12:Infinity": 3,
            "s:13:0:13:Infinity": 4,
            "s:14:0:14:Infinity": 5
         }
      }
   },
   "D:\\Projeto_Agendamento\\BackEnd_Agendamento\\src\\schemas\\auth.schema.ts": {
      "path": "D:\\Projeto_Agendamento\\BackEnd_Agendamento\\src\\schemas\\auth.schema.ts",
      "statementMap": {
[...]
         "19": 0,
         "20": 0,
         "21": 0,
         "22": 0,
         "23": 0,
         "24": 0,
         "25": 0,
         "26": 0,
         "27": 0,
         "28": 0,
         "29": 0,
         "30": 0,
         "31": 0,
         "32": 0,
         "33": 0,
         "34": 0,
         "35": 0,
         "36": 0,
         "37": 0
      },
      "f": { "0": 2, "1": 0, "2": 0, "3": 0, "4": 0, "5": 0 },
      "b": {
         "0": [0, 2],
         "1": [0, 2],
         "2": [1, 1],
         "3": [0, 0],
         "4": [0, 0],
         "5": [0, 0],
         "6": [0, 0],
         "7": [0, 0],
         "8": [0, 0]
      },
      "meta": {
         "lastBranch": 9,
         "lastFunction": 6,
         "lastStatement": 38,
         "seen": {
            "f:20:22:20:39": 0,
            "s:21:21:21:40": 0,
            "s:22:2:22:Infinity": 1,
            "s:24:18:27:4": 2,
            "b:29:2:30:Infinity:undefined:undefined:undefined:undefined": 0,
            "s:29:2:30:Infinity": 3,
            "s:30:4:30:Infinity": 4,
            "s:33:19:39:4": 5,
            "b:41:2:42:Infinity:undefined:undefined:undefined:undefined": 1,
            "s:41:2:42:Infinity": 6,
            "s:42:4:42:Infinity": 7,
            "s:45:27:45:64": 8,
            "s:46:23:46:58": 9,
            "b:48:2:49:Infinity:undefined:undefined:undefined:undefined": 2,
            "s:48:2:49:Infinity": 10,
            "s:49:4:49:Infinity": 11,
            "s:52:2:55:Infinity": 12,
            "f:58:22:58:46": 1,
            "s:59:41:59:Infinity": 13,
            "b:61:2:68:Infinity:67:9:68:Infinity": 3,
            "s:61:2:68:Infinity": 14,
            "s:62:17:62:37": 15,
            "s:63:4:63:Infinity": 16,
            "s:64:20:64:34": 17,
            "s:65:4:65:Infinity": 18,
            "s:66:4:66:Infinity": 19,
            "s:68:4:68:Infinity": 20,
            "s:71:2:71:Infinity": 21,
            "f:74:22:74:46": 2,
            "s:75:18:75:70": 22,
            "s:77:2:77:Infinity": 23,
            "f:77:17:77:24": 3,
            "s:77:29:77:60": 24,
            "f:80:22:80:Infinity": 4,
            "s:85:17:85:65": 25,
            "b:87:2:88:Infinity:undefined:undefined:undefined:undefined": 4,
            "s:87:2:88:Infinity": 26,
            "s:88:4:88:Infinity": 27,
            "b:91:2:94:Infinity:undefined:undefined:undefined:undefined": 5,
            "s:91:2:94:Infinity": 28,
            "b:91:6:91:40:91:40:91:80": 6,
            "s:92:4:94:Infinity": 29,
            "s:97:2:97:Infinity": 30,
            "s:98:2:98:Infinity": 31,
            "f:101:22:101:39": 5,
            "s:102:17:102:65": 32,
            "b:104:2:105:Infinity:undefined:undefined:undefined:undefined": 7,
            "s:104:2:105:Infinity": 33,
            "s:105:4:105:Infinity": 34,
            "b:108:2:109:Infinity:undefined:undefined:undefined:undefined": 8,
            "s:108:2:109:Infinity": 35,
            "s:109:4:109:Infinity": 36,
            "s:112:2:112:Infinity": 37
         }
      }
   },
   "D:\\Projeto_Agendamento\\BackEnd_Agendamento\\src\\utils\\apiError.ts": {
      "path": "D:\\Projeto_Agendamento\\BackEnd_Agendamento\\src\\utils\\apiError.ts",
      "statementMap": {
         "0": { "start": { "line": 6, "column": 4 }, "end": { "line": 6, "column": null } },
         "1": { "start": { "line": 7, "column": 4 }, "end": { "line": 7, "column": null } },
         "2": { "start": { "line": 8, "column": 4 }, "end": { "line": 8, "column": null } },
         "3": { "start": { "line": 9, "column": 4 }, "end": { "line": 9, "column": null } },
         "4": { "start": { "line": 13, "column": 4 }, "end": { "line": 13, "column": null } },
         "5": { "start": { "line": 17, "column": 4 }, "end": { "line": 17, "column": null } },
         "6": { "start": { "line": 21, "column": 4 }, "end": { "line": 21, "column": null } },
         "7": { "start": { "line": 25, "column": 4 }, "end": { "line": 25, "column": null } },
         "8": { "start": { "line": 29, "column": 4 }, "end": { "line": 29, "column": null } },
         "9": { "start": { "line": 33, "column": 4 }, "end": { "line": 33, "column": null } }
      },
      "fnMap": {
         "0": {
            "name": "(anonymous_0)",
            "decl": { "start": { "line": 5, "column": 2 }, "end": { "line": 5, "column": 14 } },
            "loc": { "start": { "line": 5, "column": 73 }, "end": { "line": 9, "column": null } },
            "line": 5
         },
         "1": {
            "name": "(anonymous_1)",
            "decl": { "start": { "line": 12, "column": 9 }, "end": { "line": 12, "column": 20 } },
            "loc": { "start": { "line": 12, "column": 47 }, "end": { "line": 13, "column": null } },
            "line": 12
         },
         "2": {
            "name": "(anonymous_2)",
            "decl": { "start": { "line": 16, "column": 9 }, "end": { "line": 16, "column": 22 } },
            "loc": { "start": { "line": 16, "column": 49 }, "end": { "line": 17, "column": null } },
            "line": 16
         },
         "3": {
            "name": "(anonymous_3)",
            "decl": { "start": { "line": 20, "column": 9 }, "end": { "line": 20, "column": 19 } },
            "loc": { "start": { "line": 20, "column": 46 }, "end": { "line": 21, "column": null } },
            "line": 20
         },
         "4": {
            "name": "(anonymous_4)",
            "decl": { "start": { "line": 24, "column": 9 }, "end": { "line": 24, "column": 18 } },
            "loc": { "start": { "line": 24, "column": 45 }, "end": { "line": 25, "column": null } },
            "line": 24
         },
         "5": {
            "name": "(anonymous_5)",
            "decl": { "start": { "line": 28, "column": 9 }, "end": { "line": 28, "column": 18 } },
            "loc": { "start": { "line": 28, "column": 45 }, "end": { "line": 29, "column": null } },
            "line": 28
         },
         "6": {
            "name": "(anonymous_6)",
            "decl": { "start": { "line": 32, "column": 9 }, "end": { "line": 32, "column": 18 } },
            "loc": { "start": { "line": 32, "column": 45 }, "end": { "line": 33, "column": null } },
            "line": 32
         }
      },
      "branchMap": {
         "0": {
            "loc": { "start": { "line": 5, "column": 51 }, "end": { "line": 5, "column": 73 } },
            "type": "default-arg",
            "locations": [
               { "start": { "line": 5, "column": 67 }, "end": { "line": 5, "column": 73 } }
            ],
            "line": 5
         }
      },
      "s": { "0": 7, "1": 7, "2": 7, "3": 7, "4": 5, "5": 0, "6": 1, "7": 1, "8": 0, "9": 0 },
      "f": { "0": 7, "1": 4, "2": 4, "3": 4, "4": 4, "5": 4, "6": 4 },
      "b": { "0": [7] },
      "meta": {
         "lastBranch": 1,
         "lastFunction": 7,
         "lastStatement": 10,
         "seen": {
            "f:5:2:5:14": 0,
            "b:5:67:5:73": 0,
            "s:6:4:6:Infinity": 0,
            "s:7:4:7:Infinity": 1,
            "s:8:4:8:Infinity": 2,
            "s:9:4:9:Infinity": 3,
            "f:12:9:12:20": 1,
            "s:13:4:13:Infinity": 4,
            "f:16:9:16:22": 2,
            "s:17:4:17:Infinity": 5,
            "f:20:9:20:19": 3,
            "s:21:4:21:Infinity": 6,
            "f:24:9:24:18": 4,
            "s:25:4:25:Infinity": 7,
            "f:28:9:28:18": 5,
            "s:29:4:29:Infinity": 8,
            "f:32:9:32:18": 6,
            "s:33:4:33:Infinity": 9
         }
      }
   },
   "D:\\Projeto_Agendamento\\BackEnd_Agendamento\\src\\utils\\cnpj.ts": {
      "path": "D:\\Projeto_Agendamento\\BackEnd_Agendamento\\src\\utils\\cnpj.ts",
      "statementMap": {
         "0": { "start": { "line": 2, "column": 16 }, "end": { "line": 2, "column": 39 } },
         "1": { "start": { "line": 4, "column": 2 }, "end": { "line": 5, "column": null } },
         "2": { "start": { "line": 5, "column": 4 }, "end": { "line": 5, "column": null } },
         "3": { "start": { "line": 8, "column": 17 }, "end": { "line": 8, "column": 44 } },
         "4": { "start": { "line": 10, "column": 8 }, "end": { "line": 16, "column": null } },
         "5": { "start": { "line": 11, "column": 14 }, "end": { "line": 11, "column": null } },
         "6": { "start": { "line": 12, "column": 4 }, "end": { "line": 13, "column": null } },
         "7": { "start": { "line": 12, "column": 17 }, "end": { "line": 12, "column": 20 } },
         "8": { "start": { "line": 13, "column": 6 }, "end": { "line": 13, "column": null } },
         "9": { "start": { "line": 15, "column": 22 }, "end": { "line": 15, "column": null } },
         "10": { "start": { "line": 16, "column": 4 }, "end": { "line": 16, "column": null } },
         "11": { "start": { "line": 19, "column": 23 }, "end": { "line": 19, "column": null } },
         "12": { "start": { "line": 20, "column": 24 }, "end": { "line": 20, "column": null } },
         "13": { "start": { "line": 22, "column": 21 }, "end": { "line": 22, "column": 70 } },
         "14": { "start": { "line": 23, "column": 22 }, "end": { "line": 23, "column": 72 } },
         "15": { "start": { "line": 25, "column": 2 }, "end": { "line": 25, "column": null } },
         "16": { "start": { "line": 29, "column": 16 }, "end": { "line": 29, "column": 39 } },
         "17": { "start": { "line": 30, "column": 2 }, "end": { "line": 30, "column": null } },
         "18": { "start": { "line": 34, "column": 2 }, "end": { "line": 34, "column": null } }
      },
      "fnMap": {
         "0": {
            "name": "isValidCNPJ",
            "decl": { "start": { "line": 1, "column": 16 }, "end": { "line": 1, "column": 28 } },
            "loc": { "start": { "line": 1, "column": 51 }, "end": { "line": 25, "column": null } },
            "line": 1
         },
         "1": {
            "name": "(anonymous_1)",
            "decl": { "start": { "line": 10, "column": 8 }, "end": { "line": 10, "column": 26 } },
            "loc": { "start": { "line": 10, "column": 73 }, "end": { "line": 16, "column": null } },
            "line": 10
         },
         "2": {
            "name": "formatCNPJ",
            "decl": { "start": { "line": 28, "column": 16 }, "end": { "line": 28, "column": 27 } },
            "loc": { "start": { "line": 28, "column": 49 }, "end": { "line": 30, "column": null } },
            "line": 28
         },
         "3": {
            "name": "cleanCNPJ",
            "decl": { "start": { "line": 33, "column": 16 }, "end": { "line": 33, "column": 26 } },
            "loc": { "start": { "line": 33, "column": 48 }, "end": { "line": 34, "column": null } },
            "line": 33
         }
      },
      "branchMap": {
         "0": {
            "loc": { "start": { "line": 4, "column": 2 }, "end": { "line": 5, "column": null } },
            "type": "if",
            "locations": [
               { "start": { "line": 4, "column": 2 }, "end": { "line": 5, "column": null } },
               { "start": {}, "end": {} }
            ],
            "line": 4
         },
         "1": {
            "loc": { "start": { "line": 4, "column": 6 }, "end": { "line": 4, "column": 55 } },
            "type": "binary-expr",
            "locations": [
               { "start": { "line": 4, "column": 6 }, "end": { "line": 4, "column": 29 } },
               { "start": { "line": 4, "column": 29 }, "end": { "line": 4, "column": 55 } }
            ],
            "line": 4
         },
         "2": {
            "loc": { "start": { "line": 16, "column": 11 }, "end": { "line": 16, "column": null } },
            "type": "cond-expr",
            "locations": [
               { "start": { "line": 16, "column": 27 }, "end": { "line": 16, "column": 31 } },
               { "start": { "line": 16, "column": 31 }, "end": { "line": 16, "column": null } }
            ],
            "line": 16
         },
         "3": {
            "loc": { "start": { "line": 25, "column": 9 }, "end": { "line": 25, "column": null } },
            "type": "binary-expr",
            "locations": [
               { "start": { "line": 25, "column": 9 }, "end": { "line": 25, "column": 38 } },
               { "start": { "line": 25, "column": 38 }, "end": { "line": 25, "column": null } }
            ],
            "line": 25
         }
      },
      "s": {
         "0": 2,
         "1": 2,
         "2": 0,
         "3": 2,
         "4": 2,
         "5": 4,
         "6": 4,
         "7": 4,
         "8": 50,
         "9": 4,
         "10": 4,
         "11": 2,
         "12": 2,
         "13": 2,
         "14": 2,
         "15": 2,
         "16": 0,
         "17": 0,
         "18": 2
      },
      "f": { "0": 2, "1": 4, "2": 0, "3": 2 },
      "b": { "0": [0, 2], "1": [2, 2], "2": [0, 4], "3": [2, 2] },
      "meta": {
         "lastBranch": 4,
         "lastFunction": 4,
         "lastStatement": 19,
         "seen": {
            "f:1:16:1:28": 0,
            "s:2:16:2:39": 0,
            "b:4:2:5:Infinity:undefined:undefined:undefined:undefined": 0,
            "s:4:2:5:Infinity": 1,
            "b:4:6:4:29:4:29:4:55": 1,
            "s:5:4:5:Infinity": 2,
            "s:8:17:8:44": 3,
            "s:10:8:16:Infinity": 4,
            "f:10:8:10:26": 1,
            "s:11:14:11:Infinity": 5,
            "s:12:4:13:Infinity": 6,
            "s:12:17:12:20": 7,
            "s:13:6:13:Infinity": 8,
            "s:15:22:15:Infinity": 9,
            "s:16:4:16:Infinity": 10,
            "b:16:27:16:31:16:31:16:Infinity": 2,
            "s:19:23:19:Infinity": 11,
            "s:20:24:20:Infinity": 12,
            "s:22:21:22:70": 13,
            "s:23:22:23:72": 14,
            "s:25:2:25:Infinity": 15,
            "b:25:9:25:38:25:38:25:Infinity": 3,
            "f:28:16:28:27": 2,
            "s:29:16:29:39": 16,
            "s:30:2:30:Infinity": 17,
            "f:33:16:33:26": 3,
            "s:34:2:34:Infinity": 18
         }
      }
   },
   "D:\\Projeto_Agendamento\\BackEnd_Agendamento\\src\\utils\\cpf.ts": {
      "path": "D:\\Projeto_Agendamento\\BackEnd_Agendamento\\src\\utils\\cpf.ts",
      "statementMap": {
         "0": { "start": { "line": 2, "column": 16 }, "end": { "line": 2, "column": 38 } },
         "1": { "start": { "line": 4, "column": 2 }, "end": { "line": 5, "column": null } },
         "2": { "start": { "line": 5, "column": 4 }, "end": { "line": 5, "column": null } },
         "3": { "start": { "line": 8, "column": 17 }, "end": { "line": 8, "column": 44 } },
         "4": { "start": { "line": 10, "column": 8 }, "end": { "line": 16, "column": null } },
         "5": { "start": { "line": 11, "column": 14 }, "end": { "line": 11, "column": null } },
         "6": { "start": { "line": 12, "column": 4 }, "end": { "line": 13, "column": null } },
         "7": { "start": { "line": 12, "column": 17 }, "end": { "line": 12, "column": 20 } },
         "8": { "start": { "line": 13, "column": 6 }, "end": { "line": 13, "column": null } },
         "9": { "start": { "line": 15, "column": 22 }, "end": { "line": 15, "column": null } },
         "10": { "start": { "line": 16, "column": 4 }, "end": { "line": 16, "column": null } },
         "11": { "start": { "line": 19, "column": 21 }, "end": { "line": 19, "column": 59 } },
         "12": { "start": { "line": 20, "column": 22 }, "end": { "line": 20, "column": 61 } },
         "13": { "start": { "line": 22, "column": 2 }, "end": { "line": 22, "column": null } },
         "14": { "start": { "line": 26, "column": 16 }, "end": { "line": 26, "column": 38 } },
         "15": { "start": { "line": 27, "column": 2 }, "end": { "line": 27, "column": null } },
         "16": { "start": { "line": 31, "column": 2 }, "end": { "line": 31, "column": null } }
      },
      "fnMap": {
         "0": {
            "name": "isValidCPF",
            "decl": { "start": { "line": 1, "column": 16 }, "end": { "line": 1, "column": 27 } },
            "loc": { "start": { "line": 1, "column": 49 }, "end": { "line": 22, "column": null } },
            "line": 1
         },
         "1": {
            "name": "(anonymous_1)",
            "decl": { "start": { "line": 10, "column": 8 }, "end": { "line": 10, "column": 26 } },
            "loc": { "start": { "line": 10, "column": 70 }, "end": { "line": 16, "column": null } },
            "line": 10
         },
         "2": {
            "name": "formatCPF",
            "decl": { "start": { "line": 25, "column": 16 }, "end": { "line": 25, "column": 26 } },
            "loc": { "start": { "line": 25, "column": 47 }, "end": { "line": 27, "column": null } },
            "line": 25
         },
         "3": {
            "name": "cleanCPF",
            "decl": { "start": { "line": 30, "column": 16 }, "end": { "line": 30, "column": 25 } },
            "loc": { "start": { "line": 30, "column": 46 }, "end": { "line": 31, "column": null } },
            "line": 30
         }
      },
      "branchMap": {
         "0": {
            "loc": { "start": { "line": 4, "column": 2 }, "end": { "line": 5, "column": null } },
            "type": "if",
            "locations": [
               { "start": { "line": 4, "column": 2 }, "end": { "line": 5, "column": null } },
               { "start": {}, "end": {} }
            ],
            "line": 4
         },
         "1": {
            "loc": { "start": { "line": 4, "column": 6 }, "end": { "line": 4, "column": 55 } },
            "type": "binary-expr",
            "locations": [
               { "start": { "line": 4, "column": 6 }, "end": { "line": 4, "column": 29 } },
               { "start": { "line": 4, "column": 29 }, "end": { "line": 4, "column": 55 } }
            ],
            "line": 4
         },
         "2": {
            "loc": { "start": { "line": 16, "column": 11 }, "end": { "line": 16, "column": null } },
            "type": "cond-expr",
            "locations": [
               { "start": { "line": 16, "column": 27 }, "end": { "line": 16, "column": 31 } },
               { "start": { "line": 16, "column": 31 }, "end": { "line": 16, "column": null } }
            ],
            "line": 16
         },
         "3": {
            "loc": { "start": { "line": 22, "column": 9 }, "end": { "line": 22, "column": null } },
            "type": "binary-expr",
            "locations": [
               { "start": { "line": 22, "column": 9 }, "end": { "line": 22, "column": 37 } },
               { "start": { "line": 22, "column": 37 }, "end": { "line": 22, "column": null } }
            ],
            "line": 22
         }
      },
      "s": {
         "0": 8,
         "1": 8,
         "2": 1,
         "3": 7,
         "4": 7,
         "5": 14,
         "6": 14,
         "7": 14,
         "8": 133,
         "9": 14,
         "10": 14,
         "11": 7,
         "12": 7,
         "13": 7,
         "14": 0,
         "15": 0,
         "16": 8
      },
      "f": { "0": 8, "1": 14, "2": 0, "3": 8 },
      "b": { "0": [1, 7], "1": [8, 8], "2": [6, 8], "3": [7, 6] },
      "meta": {
         "lastBranch": 4,
         "lastFunction": 4,
         "lastStatement": 17,
         "seen": {
            "f:1:16:1:27": 0,
            "s:2:16:2:38": 0,
            "b:4:2:5:Infinity:undefined:undefined:undefined:undefined": 0,
            "s:4:2:5:Infinity": 1,
            "b:4:6:4:29:4:29:4:55": 1,
            "s:5:4:5:Infinity": 2,
            "s:8:17:8:44": 3,
            "s:10:8:16:Infinity": 4,
            "f:10:8:10:26": 1,
            "s:11:14:11:Infinity": 5,
            "s:12:4:13:Infinity": 6,
            "s:12:17:12:20": 7,
            "s:13:6:13:Infinity": 8,
            "s:15:22:15:Infinity": 9,
            "s:16:4:16:Infinity": 10,
            "b:16:27:16:31:16:31:16:Infinity": 2,
            "s:19:21:19:59": 11,
            "s:20:22:20:61": 12,
            "s:22:2:22:Infinity": 13,
            "b:22:9:22:37:22:37:22:Infinity": 3,
            "f:25:16:25:26": 2,
            "s:26:16:26:38": 14,
            "s:27:2:27:Infinity": 15,
            "f:30:16:30:25": 3,
            "s:31:2:31:Infinity": 16
         }
      }
   }
}
